2023-07-05 16:53:42,889:INFO:Successfully read the configuration file.
2023-07-05 16:53:42,890:INFO:create: False
2023-07-05 16:53:42,890:INFO:process: True
2023-07-05 16:53:42,890:INFO:debug: True
2023-07-05 16:53:42,890:INFO:template_dir: /home/ec2-user/DATA/deviceID67040/template_Device67040_3-July-2023
2023-07-05 16:53:42,890:INFO:reference_dir: 
2023-07-05 16:53:42,890:INFO:target_dir: /home/ec2-user/DATA/deviceID67040/target
2023-07-05 16:53:42,890:INFO:ref_list: 
2023-07-05 16:53:42,890:INFO:tar_list: /home/ec2-user/DATA/deviceID67040/target_for_deviceid_67040.txt
2023-07-05 16:53:42,890:INFO:ref_name: ReferenceForDeviceID67040
2023-07-05 16:53:42,890:INFO:tar_name: TargetForDeviceID67040
2023-07-05 16:53:42,890:INFO:template: /home/ec2-user/DATA/deviceID67040/template_Device67040_3-July-2023/
2023-07-05 16:53:42,890:INFO:nproc: 4
2023-07-05 16:53:42,890:INFO:multithreading: 8
2023-07-05 16:53:42,890:INFO:reference_output: 
2023-07-05 16:53:42,890:INFO:target_output: /home/ec2-user/DATA/deviceID67040/target_for_deviceid_67040.txt
2023-07-05 16:53:42,890:INFO:Checked and/or created the directory: /home/ec2-user/DATA/deviceID67040/template_Device67040_3-July-2023
2023-07-05 16:53:42,890:INFO:Checked and/or created the directory: /home/ec2-user/DATA/deviceID67040/target
2023-07-05 17:30:41,099:INFO:Successfully ran the download_from_s3 script for the target data.
2023-07-05 17:30:41,103:WARNING:Reference directory is empty. The write_local_paths script will not be run for the reference data.
2023-07-05 17:30:41,692:INFO:Successfully ran the write_local_paths script for the target data.
2023-07-05 17:30:41,692:INFO:Running the following command:     
    /home/ec2-user/multi-shell-dMRIharmonization/lib/multi_shell_harmonization.py --tar_list "/home/ec2-user/DATA/deviceID67040/target_for_deviceid_67040.txt" --ref_name "ReferenceForDeviceID67040" --tar_name "TargetForDeviceID67040" --template "/home/ec2-user/DATA/deviceID67040/template_Device67040_3-July-2023/" --nproc "4"  --process --debug
2023-07-05 17:30:52,105:INFO:In multi_shell_pipeline
2023-07-05 17:30:52,106:INFO:ref_csv:  <plumbum.cli.switches.SwitchAttr object at 0x7f0e738e8f28>
2023-07-05 17:30:52,106:INFO:target_csv:  <plumbum.cli.switches.SwitchAttr object at 0x7f0dad65f4e0>
2023-07-05 17:30:52,106:INFO:templatePath:  <plumbum.cli.switches.SwitchAttr object at 0x7f0dad65f550>
2023-07-05 17:30:52,106:INFO:N_shm:  <plumbum.cli.switches.SwitchAttr object at 0x7f0dad65f5c0>
2023-07-05 17:30:52,106:INFO:N_proc:  <plumbum.cli.switches.SwitchAttr object at 0x7f0dad65f668>
2023-07-05 17:30:52,106:INFO:N_zero:  <plumbum.cli.switches.SwitchAttr object at 0x7f0dad65f710>
2023-07-05 17:30:52,106:INFO:force:  <plumbum.cli.switches.Flag object at 0x7f0dad65f7b8>
2023-07-05 17:30:52,106:INFO:travelHeads:  <plumbum.cli.switches.Flag object at 0x7f0dad65f860>
2023-07-05 17:30:52,106:INFO:denoise:  None
2023-07-05 17:30:52,106:INFO:bvalMap:  None
2023-07-05 17:30:52,106:INFO:resample:  None
2023-07-05 17:30:52,106:INFO:create:  <plumbum.cli.switches.Flag object at 0x7f0dad65f8d0>
2023-07-05 17:30:52,106:INFO:process:  <plumbum.cli.switches.Flag object at 0x7f0dad65f978>
2023-07-05 17:30:52,106:INFO:debug:  <plumbum.cli.switches.Flag object at 0x7f0dad65fa20>
2023-07-05 17:30:52,106:INFO:reference:  <plumbum.cli.switches.SwitchAttr object at 0x7f0dad65fac8>
2023-07-05 17:30:52,106:INFO:target:  <plumbum.cli.switches.SwitchAttr object at 0x7f0dad65fb38>
2023-07-05 17:30:52,106:INFO:verbose:  <plumbum.cli.switches.Flag object at 0x7f0dad65fba8>
2023-07-05 17:30:52,106:INFO:MultishellHarmonization: In main
2023-07-05 17:30:52,106:INFO:b-shells are [0.0, 1500.0, 3000.0]
2023-07-05 17:30:52,106:INFO:
2023-07-05 17:30:52,107:INFO:Site /home/ec2-user/DATA/deviceID67040/target_for_deviceid_67040.txt
2023-07-05 17:30:52,107:INFO:
2023-07-05 17:30:52,107:INFO:Checking consistency of b-shells among subjects
2023-07-05 17:30:52,107:INFO:/home/ec2-user/DATA/deviceID67040/target/h0002_01_EdEp.bval
2023-07-05 17:30:52,107:INFO:b-shell bvalues [   0. 1500. 3000.]
2023-07-05 17:30:52,107:INFO:Indices corresponding to b-shell 0.0
2023-07-05 17:30:52,107:INFO:[  0   1  17  33  49  65  81  99 100 116 132 148 164 180]
2023-07-05 17:30:52,107:INFO:
2023-07-05 17:30:52,107:INFO:Indices corresponding to b-shell 1500.0
2023-07-05 17:30:52,107:INFO:[  2   4   6   8  10  12  14  16  19  21  23  25  27  29  31  34  36  38
2023-07-05 17:30:52,107:INFO:40  42  44  46  48  51  53  55  57  59  61  63  66  68  70  72  74  76
2023-07-05 17:30:52,107:INFO:78  80  83  85  87  89  91  93  95  97 101 103 105 107 109 111 113 115
2023-07-05 17:30:52,107:INFO:118 120 122 124 126 128 130 133 135 137 139 141 143 145 147 150 152 154
2023-07-05 17:30:52,107:INFO:156 158 160 162 165 167 169 171 173 175 177 179 182 184 186 188 190 192
2023-07-05 17:30:52,107:INFO:194 196 198]
2023-07-05 17:30:52,107:INFO:
2023-07-05 17:30:52,107:INFO:Indices corresponding to b-shell 3000.0
2023-07-05 17:30:52,107:INFO:[  3   5   7   9  11  13  15  18  20  22  24  26  28  30  32  35  37  39
2023-07-05 17:30:52,107:INFO:41  43  45  47  50  52  54  56  58  60  62  64  67  69  71  73  75  77
2023-07-05 17:30:52,107:INFO:79  82  84  86  88  90  92  94  96  98 102 104 106 108 110 112 114 117
2023-07-05 17:30:52,107:INFO:119 121 123 125 127 129 131 134 136 138 140 142 144 146 149 151 153 155
2023-07-05 17:30:52,107:INFO:157 159 161 163 166 168 170 172 174 176 178 181 183 185 187 189 191 193
2023-07-05 17:30:52,108:INFO:195 197]
2023-07-05 17:30:52,108:INFO:
2023-07-05 17:30:52,108:INFO:********************** type bvals: <class 'numpy.ndarray'>
2023-07-05 17:30:52,108:INFO:********************** type ref_bvals: <class 'list'>
2023-07-05 17:30:52,108:INFO:********************** type bvals == ref_bvals: [ True  True  True]
2023-07-05 17:30:52,108:INFO:********************** imgPath: /home/ec2-user/DATA/deviceID67040/target/h0002_01_EdEp.nii.gz
2023-07-05 17:30:52,108:INFO:********************** bvals: [   0. 1500. 3000.]
2023-07-05 17:30:52,108:INFO:********************** ref_bvals: [   0. 1500. 3000.]
2023-07-05 17:30:52,108:INFO:b-shells matched for h0002_01_EdEp.nii.gz
2023-07-05 17:30:52,108:INFO:/home/ec2-user/DATA/deviceID67040/target/h0003_01_EdEp.bval
2023-07-05 17:30:52,108:INFO:b-shell bvalues [   0. 1500. 3000.]
2023-07-05 17:30:52,108:INFO:Indices corresponding to b-shell 0.0
2023-07-05 17:30:52,108:INFO:[  0   1  17  33  49  65  81  99 100 116 132 148 164 180]
2023-07-05 17:30:52,108:INFO:
2023-07-05 17:30:52,108:INFO:Indices corresponding to b-shell 1500.0
2023-07-05 17:30:52,108:INFO:[  2   4   6   8  10  12  14  16  19  21  23  25  27  29  31  34  36  38
2023-07-05 17:30:52,108:INFO:40  42  44  46  48  51  53  55  57  59  61  63  66  68  70  72  74  76
2023-07-05 17:30:52,108:INFO:78  80  83  85  87  89  91  93  95  97 101 103 105 107 109 111 113 115
2023-07-05 17:30:52,108:INFO:118 120 122 124 126 128 130 133 135 137 139 141 143 145 147 150 152 154
2023-07-05 17:30:52,108:INFO:156 158 160 162 165 167 169 171 173 175 177 179 182 184 186 188 190 192
2023-07-05 17:30:52,108:INFO:194 196 198]
2023-07-05 17:30:52,108:INFO:
2023-07-05 17:30:52,109:INFO:Indices corresponding to b-shell 3000.0
2023-07-05 17:30:52,109:INFO:[  3   5   7   9  11  13  15  18  20  22  24  26  28  30  32  35  37  39
2023-07-05 17:30:52,109:INFO:41  43  45  47  50  52  54  56  58  60  62  64  67  69  71  73  75  77
2023-07-05 17:30:52,109:INFO:79  82  84  86  88  90  92  94  96  98 102 104 106 108 110 112 114 117
2023-07-05 17:30:52,109:INFO:119 121 123 125 127 129 131 134 136 138 140 142 144 146 149 151 153 155
2023-07-05 17:30:52,109:INFO:157 159 161 163 166 168 170 172 174 176 178 181 183 185 187 189 191 193
2023-07-05 17:30:52,109:INFO:195 197]
2023-07-05 17:30:52,109:INFO:
2023-07-05 17:30:52,109:INFO:********************** type bvals: <class 'numpy.ndarray'>
2023-07-05 17:30:52,109:INFO:********************** type ref_bvals: <class 'numpy.ndarray'>
2023-07-05 17:30:52,109:INFO:********************** type bvals == ref_bvals: [ True  True  True]
2023-07-05 17:30:52,109:INFO:********************** imgPath: /home/ec2-user/DATA/deviceID67040/target/h0003_01_EdEp.nii.gz
2023-07-05 17:30:52,109:INFO:********************** bvals: [   0. 1500. 3000.]
2023-07-05 17:30:52,109:INFO:********************** ref_bvals: [   0. 1500. 3000.]
2023-07-05 17:30:52,109:INFO:b-shells matched for h0003_01_EdEp.nii.gz
2023-07-05 17:30:52,109:INFO:/home/ec2-user/DATA/deviceID67040/target/h0004_01_EdEp.bval
2023-07-05 17:30:52,109:INFO:b-shell bvalues [   0. 1500. 3000.]
2023-07-05 17:30:52,109:INFO:Indices corresponding to b-shell 0.0
2023-07-05 17:30:52,109:INFO:[  0   1  17  33  49  65  81  99 100 116 132 148 164 180]
2023-07-05 17:30:52,109:INFO:
2023-07-05 17:30:52,109:INFO:Indices corresponding to b-shell 1500.0
2023-07-05 17:30:52,109:INFO:[  2   4   6   8  10  12  14  16  19  21  23  25  27  29  31  34  36  38
2023-07-05 17:30:52,110:INFO:40  42  44  46  48  51  53  55  57  59  61  63  66  68  70  72  74  76
2023-07-05 17:30:52,110:INFO:78  80  83  85  87  89  91  93  95  97 101 103 105 107 109 111 113 115
2023-07-05 17:30:52,110:INFO:118 120 122 124 126 128 130 133 135 137 139 141 143 145 147 150 152 154
2023-07-05 17:30:52,110:INFO:156 158 160 162 165 167 169 171 173 175 177 179 182 184 186 188 190 192
2023-07-05 17:30:52,110:INFO:194 196 198]
2023-07-05 17:30:52,110:INFO:
2023-07-05 17:30:52,110:INFO:Indices corresponding to b-shell 3000.0
2023-07-05 17:30:52,110:INFO:[  3   5   7   9  11  13  15  18  20  22  24  26  28  30  32  35  37  39
2023-07-05 17:30:52,110:INFO:41  43  45  47  50  52  54  56  58  60  62  64  67  69  71  73  75  77
2023-07-05 17:30:52,110:INFO:79  82  84  86  88  90  92  94  96  98 102 104 106 108 110 112 114 117
2023-07-05 17:30:52,110:INFO:119 121 123 125 127 129 131 134 136 138 140 142 144 146 149 151 153 155
2023-07-05 17:30:52,110:INFO:157 159 161 163 166 168 170 172 174 176 178 181 183 185 187 189 191 193
2023-07-05 17:30:52,110:INFO:195 197]
2023-07-05 17:30:52,110:INFO:
2023-07-05 17:30:52,110:INFO:********************** type bvals: <class 'numpy.ndarray'>
2023-07-05 17:30:52,110:INFO:********************** type ref_bvals: <class 'numpy.ndarray'>
2023-07-05 17:30:52,110:INFO:********************** type bvals == ref_bvals: [ True  True  True]
2023-07-05 17:30:52,110:INFO:********************** imgPath: /home/ec2-user/DATA/deviceID67040/target/h0004_01_EdEp.nii.gz
2023-07-05 17:30:52,110:INFO:********************** bvals: [   0. 1500. 3000.]
2023-07-05 17:30:52,110:INFO:********************** ref_bvals: [   0. 1500. 3000.]
2023-07-05 17:30:52,110:INFO:b-shells matched for h0004_01_EdEp.nii.gz
2023-07-05 17:30:52,110:INFO:/home/ec2-user/DATA/deviceID67040/target/h0005_01_EdEp.bval
2023-07-05 17:30:52,110:INFO:b-shell bvalues [   0. 1500. 3000.]
2023-07-05 17:30:52,111:INFO:Indices corresponding to b-shell 0.0
2023-07-05 17:30:52,111:INFO:[  0   1  17  33  49  65  81  99 100 116 132 148 164 180]
2023-07-05 17:30:52,111:INFO:
2023-07-05 17:30:52,111:INFO:Indices corresponding to b-shell 1500.0
2023-07-05 17:30:52,111:INFO:[  2   4   6   8  10  12  14  16  19  21  23  25  27  29  31  34  36  38
2023-07-05 17:30:52,111:INFO:40  42  44  46  48  51  53  55  57  59  61  63  66  68  70  72  74  76
2023-07-05 17:30:52,111:INFO:78  80  83  85  87  89  91  93  95  97 101 103 105 107 109 111 113 115
2023-07-05 17:30:52,111:INFO:118 120 122 124 126 128 130 133 135 137 139 141 143 145 147 150 152 154
2023-07-05 17:30:52,111:INFO:156 158 160 162 165 167 169 171 173 175 177 179 182 184 186 188 190 192
2023-07-05 17:30:52,111:INFO:194 196 198]
2023-07-05 17:30:52,111:INFO:
2023-07-05 17:30:52,111:INFO:Indices corresponding to b-shell 3000.0
2023-07-05 17:30:52,111:INFO:[  3   5   7   9  11  13  15  18  20  22  24  26  28  30  32  35  37  39
2023-07-05 17:30:52,111:INFO:41  43  45  47  50  52  54  56  58  60  62  64  67  69  71  73  75  77
2023-07-05 17:30:52,111:INFO:79  82  84  86  88  90  92  94  96  98 102 104 106 108 110 112 114 117
2023-07-05 17:30:52,111:INFO:119 121 123 125 127 129 131 134 136 138 140 142 144 146 149 151 153 155
2023-07-05 17:30:52,111:INFO:157 159 161 163 166 168 170 172 174 176 178 181 183 185 187 189 191 193
2023-07-05 17:30:52,111:INFO:195 197]
2023-07-05 17:30:52,111:INFO:
2023-07-05 17:30:52,111:INFO:********************** type bvals: <class 'numpy.ndarray'>
2023-07-05 17:30:52,111:INFO:********************** type ref_bvals: <class 'numpy.ndarray'>
2023-07-05 17:30:52,111:INFO:********************** type bvals == ref_bvals: [ True  True  True]
2023-07-05 17:30:52,112:INFO:********************** imgPath: /home/ec2-user/DATA/deviceID67040/target/h0005_01_EdEp.nii.gz
2023-07-05 17:30:52,112:INFO:********************** bvals: [   0. 1500. 3000.]
2023-07-05 17:30:52,112:INFO:********************** ref_bvals: [   0. 1500. 3000.]
2023-07-05 17:30:52,112:INFO:b-shells matched for h0005_01_EdEp.nii.gz
2023-07-05 17:30:52,112:INFO:/home/ec2-user/DATA/deviceID67040/target/h0006_01_EdEp.bval
2023-07-05 17:30:52,112:INFO:b-shell bvalues [   0. 1500. 3000.]
2023-07-05 17:30:52,112:INFO:Indices corresponding to b-shell 0.0
2023-07-05 17:30:52,112:INFO:[  0   1  17  33  49  65  81  99 100 116 132 148 164 180]
2023-07-05 17:30:52,112:INFO:
2023-07-05 17:30:52,112:INFO:Indices corresponding to b-shell 1500.0
2023-07-05 17:30:52,112:INFO:[  2   4   6   8  10  12  14  16  19  21  23  25  27  29  31  34  36  38
2023-07-05 17:30:52,112:INFO:40  42  44  46  48  51  53  55  57  59  61  63  66  68  70  72  74  76
2023-07-05 17:30:52,112:INFO:78  80  83  85  87  89  91  93  95  97 101 103 105 107 109 111 113 115
2023-07-05 17:30:52,112:INFO:118 120 122 124 126 128 130 133 135 137 139 141 143 145 147 150 152 154
2023-07-05 17:30:52,112:INFO:156 158 160 162 165 167 169 171 173 175 177 179 182 184 186 188 190 192
2023-07-05 17:30:52,112:INFO:194 196 198]
2023-07-05 17:30:52,112:INFO:
2023-07-05 17:30:52,112:INFO:Indices corresponding to b-shell 3000.0
2023-07-05 17:30:52,112:INFO:[  3   5   7   9  11  13  15  18  20  22  24  26  28  30  32  35  37  39
2023-07-05 17:30:52,112:INFO:41  43  45  47  50  52  54  56  58  60  62  64  67  69  71  73  75  77
2023-07-05 17:30:52,112:INFO:79  82  84  86  88  90  92  94  96  98 102 104 106 108 110 112 114 117
2023-07-05 17:30:52,112:INFO:119 121 123 125 127 129 131 134 136 138 140 142 144 146 149 151 153 155
2023-07-05 17:30:52,113:INFO:157 159 161 163 166 168 170 172 174 176 178 181 183 185 187 189 191 193
2023-07-05 17:30:52,113:INFO:195 197]
2023-07-05 17:30:52,113:INFO:
2023-07-05 17:30:52,113:INFO:********************** type bvals: <class 'numpy.ndarray'>
2023-07-05 17:30:52,113:INFO:********************** type ref_bvals: <class 'numpy.ndarray'>
2023-07-05 17:30:52,128:INFO:********************** type bvals == ref_bvals: [ True  True  True]
2023-07-05 17:30:52,128:INFO:********************** imgPath: /home/ec2-user/DATA/deviceID67040/target/h0006_01_EdEp.nii.gz
2023-07-05 17:30:52,128:INFO:********************** bvals: [   0. 1500. 3000.]
2023-07-05 17:30:52,128:INFO:********************** ref_bvals: [   0. 1500. 3000.]
2023-07-05 17:30:52,128:INFO:b-shells matched for h0006_01_EdEp.nii.gz
2023-07-05 17:30:52,128:INFO:/home/ec2-user/DATA/deviceID67040/target/h0008_01_EdEp.bval
2023-07-05 17:30:52,128:INFO:b-shell bvalues [   0. 1500. 3000.]
2023-07-05 17:30:52,129:INFO:Indices corresponding to b-shell 0.0
2023-07-05 17:30:52,129:INFO:[  0   1  17  33  49  65  81  99 100 116 132 148 164 180]
2023-07-05 17:30:52,129:INFO:
2023-07-05 17:30:52,129:INFO:Indices corresponding to b-shell 1500.0
2023-07-05 17:30:52,129:INFO:[  2   4   6   8  10  12  14  16  19  21  23  25  27  29  31  34  36  38
2023-07-05 17:30:52,129:INFO:40  42  44  46  48  51  53  55  57  59  61  63  66  68  70  72  74  76
2023-07-05 17:30:52,129:INFO:78  80  83  85  87  89  91  93  95  97 101 103 105 107 109 111 113 115
2023-07-05 17:30:52,129:INFO:118 120 122 124 126 128 130 133 135 137 139 141 143 145 147 150 152 154
2023-07-05 17:30:52,129:INFO:156 158 160 162 165 167 169 171 173 175 177 179 182 184 186 188 190 192
2023-07-05 17:30:52,129:INFO:194 196 198]
2023-07-05 17:30:52,129:INFO:
2023-07-05 17:30:52,129:INFO:Indices corresponding to b-shell 3000.0
2023-07-05 17:30:52,129:INFO:[  3   5   7   9  11  13  15  18  20  22  24  26  28  30  32  35  37  39
2023-07-05 17:30:52,129:INFO:41  43  45  47  50  52  54  56  58  60  62  64  67  69  71  73  75  77
2023-07-05 17:30:52,129:INFO:79  82  84  86  88  90  92  94  96  98 102 104 106 108 110 112 114 117
2023-07-05 17:30:52,129:INFO:119 121 123 125 127 129 131 134 136 138 140 142 144 146 149 151 153 155
2023-07-05 17:30:52,129:INFO:157 159 161 163 166 168 170 172 174 176 178 181 183 185 187 189 191 193
2023-07-05 17:30:52,129:INFO:195 197]
2023-07-05 17:30:52,129:INFO:
2023-07-05 17:30:52,129:INFO:********************** type bvals: <class 'numpy.ndarray'>
2023-07-05 17:30:52,129:INFO:********************** type ref_bvals: <class 'numpy.ndarray'>
2023-07-05 17:30:52,129:INFO:********************** type bvals == ref_bvals: [ True  True  True]
2023-07-05 17:30:52,130:INFO:********************** imgPath: /home/ec2-user/DATA/deviceID67040/target/h0008_01_EdEp.nii.gz
2023-07-05 17:30:52,130:INFO:********************** bvals: [   0. 1500. 3000.]
2023-07-05 17:30:52,130:INFO:********************** ref_bvals: [   0. 1500. 3000.]
2023-07-05 17:30:52,130:INFO:b-shells matched for h0008_01_EdEp.nii.gz
2023-07-05 17:30:52,130:INFO:/home/ec2-user/DATA/deviceID67040/target/h0011_01_EdEp.bval
2023-07-05 17:30:52,130:INFO:b-shell bvalues [   0. 1500. 3000.]
2023-07-05 17:30:52,130:INFO:Indices corresponding to b-shell 0.0
2023-07-05 17:30:52,130:INFO:[  0   1  17  33  49  65  81  99 100 116 132 148 164 180]
2023-07-05 17:30:52,130:INFO:
2023-07-05 17:30:52,130:INFO:Indices corresponding to b-shell 1500.0
2023-07-05 17:30:52,130:INFO:[  2   4   6   8  10  12  14  16  19  21  23  25  27  29  31  34  36  38
2023-07-05 17:30:52,130:INFO:40  42  44  46  48  51  53  55  57  59  61  63  66  68  70  72  74  76
2023-07-05 17:30:52,130:INFO:78  80  83  85  87  89  91  93  95  97 101 103 105 107 109 111 113 115
2023-07-05 17:30:52,130:INFO:118 120 122 124 126 128 130 133 135 137 139 141 143 145 147 150 152 154
2023-07-05 17:30:52,130:INFO:156 158 160 162 165 167 169 171 173 175 177 179 182 184 186 188 190 192
2023-07-05 17:30:52,130:INFO:194 196 198]
2023-07-05 17:30:52,130:INFO:
2023-07-05 17:30:52,130:INFO:Indices corresponding to b-shell 3000.0
2023-07-05 17:30:52,130:INFO:[  3   5   7   9  11  13  15  18  20  22  24  26  28  30  32  35  37  39
2023-07-05 17:30:52,130:INFO:41  43  45  47  50  52  54  56  58  60  62  64  67  69  71  73  75  77
2023-07-05 17:30:52,130:INFO:79  82  84  86  88  90  92  94  96  98 102 104 106 108 110 112 114 117
2023-07-05 17:30:52,130:INFO:119 121 123 125 127 129 131 134 136 138 140 142 144 146 149 151 153 155
2023-07-05 17:30:52,130:INFO:157 159 161 163 166 168 170 172 174 176 178 181 183 185 187 189 191 193
2023-07-05 17:30:52,131:INFO:195 197]
2023-07-05 17:30:52,131:INFO:
2023-07-05 17:30:52,131:INFO:********************** type bvals: <class 'numpy.ndarray'>
2023-07-05 17:30:52,131:INFO:********************** type ref_bvals: <class 'numpy.ndarray'>
2023-07-05 17:30:52,131:INFO:********************** type bvals == ref_bvals: [ True  True  True]
2023-07-05 17:30:52,131:INFO:********************** imgPath: /home/ec2-user/DATA/deviceID67040/target/h0011_01_EdEp.nii.gz
2023-07-05 17:30:52,131:INFO:********************** bvals: [   0. 1500. 3000.]
2023-07-05 17:30:52,131:INFO:********************** ref_bvals: [   0. 1500. 3000.]
2023-07-05 17:30:52,131:INFO:b-shells matched for h0011_01_EdEp.nii.gz
2023-07-05 17:30:52,131:INFO:/home/ec2-user/DATA/deviceID67040/target/h0016_01_EdEp.bval
2023-07-05 17:30:52,131:INFO:b-shell bvalues [   0. 1500. 3000.]
2023-07-05 17:30:52,131:INFO:Indices corresponding to b-shell 0.0
2023-07-05 17:30:52,131:INFO:[  0   1  17  33  49  65  81  99 100 116 132 148 164 180]
2023-07-05 17:30:52,131:INFO:
2023-07-05 17:30:52,131:INFO:Indices corresponding to b-shell 1500.0
2023-07-05 17:30:52,131:INFO:[  2   4   6   8  10  12  14  16  19  21  23  25  27  29  31  34  36  38
2023-07-05 17:30:52,131:INFO:40  42  44  46  48  51  53  55  57  59  61  63  66  68  70  72  74  76
2023-07-05 17:30:52,131:INFO:78  80  83  85  87  89  91  93  95  97 101 103 105 107 109 111 113 115
2023-07-05 17:30:52,131:INFO:118 120 122 124 126 128 130 133 135 137 139 141 143 145 147 150 152 154
2023-07-05 17:30:52,131:INFO:156 158 160 162 165 167 169 171 173 175 177 179 182 184 186 188 190 192
2023-07-05 17:30:52,131:INFO:194 196 198]
2023-07-05 17:30:52,131:INFO:
2023-07-05 17:30:52,132:INFO:Indices corresponding to b-shell 3000.0
2023-07-05 17:30:52,132:INFO:[  3   5   7   9  11  13  15  18  20  22  24  26  28  30  32  35  37  39
2023-07-05 17:30:52,132:INFO:41  43  45  47  50  52  54  56  58  60  62  64  67  69  71  73  75  77
2023-07-05 17:30:52,132:INFO:79  82  84  86  88  90  92  94  96  98 102 104 106 108 110 112 114 117
2023-07-05 17:30:52,132:INFO:119 121 123 125 127 129 131 134 136 138 140 142 144 146 149 151 153 155
2023-07-05 17:30:52,132:INFO:157 159 161 163 166 168 170 172 174 176 178 181 183 185 187 189 191 193
2023-07-05 17:30:52,132:INFO:195 197]
2023-07-05 17:30:52,132:INFO:
2023-07-05 17:30:52,132:INFO:********************** type bvals: <class 'numpy.ndarray'>
2023-07-05 17:30:52,132:INFO:********************** type ref_bvals: <class 'numpy.ndarray'>
2023-07-05 17:30:52,132:INFO:********************** type bvals == ref_bvals: [ True  True  True]
2023-07-05 17:30:52,132:INFO:********************** imgPath: /home/ec2-user/DATA/deviceID67040/target/h0016_01_EdEp.nii.gz
2023-07-05 17:30:52,132:INFO:********************** bvals: [   0. 1500. 3000.]
2023-07-05 17:30:52,132:INFO:********************** ref_bvals: [   0. 1500. 3000.]
2023-07-05 17:30:52,132:INFO:b-shells matched for h0016_01_EdEp.nii.gz
2023-07-05 17:30:52,132:INFO:/home/ec2-user/DATA/deviceID67040/target/h0018_01_EdEp.bval
2023-07-05 17:30:52,132:INFO:b-shell bvalues [   0. 1500. 3000.]
2023-07-05 17:30:52,132:INFO:Indices corresponding to b-shell 0.0
2023-07-05 17:30:52,132:INFO:[  0   1  17  33  49  65  81  99 100 116 132 148 164 180]
2023-07-05 17:30:52,132:INFO:
2023-07-05 17:30:52,132:INFO:Indices corresponding to b-shell 1500.0
2023-07-05 17:30:52,132:INFO:[  2   4   6   8  10  12  14  16  19  21  23  25  27  29  31  34  36  38
2023-07-05 17:30:52,133:INFO:40  42  44  46  48  51  53  55  57  59  61  63  66  68  70  72  74  76
2023-07-05 17:30:52,133:INFO:78  80  83  85  87  89  91  93  95  97 101 103 105 107 109 111 113 115
2023-07-05 17:30:52,133:INFO:118 120 122 124 126 128 130 133 135 137 139 141 143 145 147 150 152 154
2023-07-05 17:30:52,133:INFO:156 158 160 162 165 167 169 171 173 175 177 179 182 184 186 188 190 192
2023-07-05 17:30:52,133:INFO:194 196 198]
2023-07-05 17:30:52,133:INFO:
2023-07-05 17:30:52,133:INFO:Indices corresponding to b-shell 3000.0
2023-07-05 17:30:52,133:INFO:[  3   5   7   9  11  13  15  18  20  22  24  26  28  30  32  35  37  39
2023-07-05 17:30:52,133:INFO:41  43  45  47  50  52  54  56  58  60  62  64  67  69  71  73  75  77
2023-07-05 17:30:52,133:INFO:79  82  84  86  88  90  92  94  96  98 102 104 106 108 110 112 114 117
2023-07-05 17:30:52,133:INFO:119 121 123 125 127 129 131 134 136 138 140 142 144 146 149 151 153 155
2023-07-05 17:30:52,133:INFO:157 159 161 163 166 168 170 172 174 176 178 181 183 185 187 189 191 193
2023-07-05 17:30:52,133:INFO:195 197]
2023-07-05 17:30:52,133:INFO:
2023-07-05 17:30:52,133:INFO:********************** type bvals: <class 'numpy.ndarray'>
2023-07-05 17:30:52,133:INFO:********************** type ref_bvals: <class 'numpy.ndarray'>
2023-07-05 17:30:52,133:INFO:********************** type bvals == ref_bvals: [ True  True  True]
2023-07-05 17:30:52,133:INFO:********************** imgPath: /home/ec2-user/DATA/deviceID67040/target/h0018_01_EdEp.nii.gz
2023-07-05 17:30:52,133:INFO:********************** bvals: [   0. 1500. 3000.]
2023-07-05 17:30:52,133:INFO:********************** ref_bvals: [   0. 1500. 3000.]
2023-07-05 17:30:52,133:INFO:b-shells matched for h0018_01_EdEp.nii.gz
2023-07-05 17:30:52,133:INFO:/home/ec2-user/DATA/deviceID67040/target/h0021_01_EdEp.bval
2023-07-05 17:30:52,134:INFO:b-shell bvalues [   0. 1500. 3000.]
2023-07-05 17:30:52,134:INFO:Indices corresponding to b-shell 0.0
2023-07-05 17:30:52,134:INFO:[  0   1  17  33  49  65  81  99 100 116 132 148 164 180]
2023-07-05 17:30:52,134:INFO:
2023-07-05 17:30:52,134:INFO:Indices corresponding to b-shell 1500.0
2023-07-05 17:30:52,134:INFO:[  2   4   6   8  10  12  14  16  19  21  23  25  27  29  31  34  36  38
2023-07-05 17:30:52,134:INFO:40  42  44  46  48  51  53  55  57  59  61  63  66  68  70  72  74  76
2023-07-05 17:30:52,134:INFO:78  80  83  85  87  89  91  93  95  97 101 103 105 107 109 111 113 115
2023-07-05 17:30:52,134:INFO:118 120 122 124 126 128 130 133 135 137 139 141 143 145 147 150 152 154
2023-07-05 17:30:52,134:INFO:156 158 160 162 165 167 169 171 173 175 177 179 182 184 186 188 190 192
2023-07-05 17:30:52,134:INFO:194 196 198]
2023-07-05 17:30:52,134:INFO:
2023-07-05 17:30:52,134:INFO:Indices corresponding to b-shell 3000.0
2023-07-05 17:30:52,134:INFO:[  3   5   7   9  11  13  15  18  20  22  24  26  28  30  32  35  37  39
2023-07-05 17:30:52,134:INFO:41  43  45  47  50  52  54  56  58  60  62  64  67  69  71  73  75  77
2023-07-05 17:30:52,134:INFO:79  82  84  86  88  90  92  94  96  98 102 104 106 108 110 112 114 117
2023-07-05 17:30:52,134:INFO:119 121 123 125 127 129 131 134 136 138 140 142 144 146 149 151 153 155
2023-07-05 17:30:52,134:INFO:157 159 161 163 166 168 170 172 174 176 178 181 183 185 187 189 191 193
2023-07-05 17:30:52,134:INFO:195 197]
2023-07-05 17:30:52,134:INFO:
2023-07-05 17:30:52,134:INFO:********************** type bvals: <class 'numpy.ndarray'>
2023-07-05 17:30:52,134:INFO:********************** type ref_bvals: <class 'numpy.ndarray'>
2023-07-05 17:30:52,134:INFO:********************** type bvals == ref_bvals: [ True  True  True]
2023-07-05 17:30:52,135:INFO:********************** imgPath: /home/ec2-user/DATA/deviceID67040/target/h0021_01_EdEp.nii.gz
2023-07-05 17:30:52,135:INFO:********************** bvals: [   0. 1500. 3000.]
2023-07-05 17:30:52,135:INFO:********************** ref_bvals: [   0. 1500. 3000.]
2023-07-05 17:30:52,135:INFO:b-shells matched for h0021_01_EdEp.nii.gz
2023-07-05 17:30:52,135:INFO:/home/ec2-user/DATA/deviceID67040/target/h0023_01_EdEp.bval
2023-07-05 17:30:52,135:INFO:b-shell bvalues [   0. 1500. 3000.]
2023-07-05 17:30:52,135:INFO:Indices corresponding to b-shell 0.0
2023-07-05 17:30:52,135:INFO:[  0   1  17  33  49  65  81  99 100 116 132 148 164 180]
2023-07-05 17:30:52,135:INFO:
2023-07-05 17:30:52,135:INFO:Indices corresponding to b-shell 1500.0
2023-07-05 17:30:52,135:INFO:[  2   4   6   8  10  12  14  16  19  21  23  25  27  29  31  34  36  38
2023-07-05 17:30:52,135:INFO:40  42  44  46  48  51  53  55  57  59  61  63  66  68  70  72  74  76
2023-07-05 17:30:52,135:INFO:78  80  83  85  87  89  91  93  95  97 101 103 105 107 109 111 113 115
2023-07-05 17:30:52,135:INFO:118 120 122 124 126 128 130 133 135 137 139 141 143 145 147 150 152 154
2023-07-05 17:30:52,135:INFO:156 158 160 162 165 167 169 171 173 175 177 179 182 184 186 188 190 192
2023-07-05 17:30:52,135:INFO:194 196 198]
2023-07-05 17:30:52,135:INFO:
2023-07-05 17:30:52,151:INFO:Indices corresponding to b-shell 3000.0
2023-07-05 17:30:52,151:INFO:[  3   5   7   9  11  13  15  18  20  22  24  26  28  30  32  35  37  39
2023-07-05 17:30:52,151:INFO:41  43  45  47  50  52  54  56  58  60  62  64  67  69  71  73  75  77
2023-07-05 17:30:52,151:INFO:79  82  84  86  88  90  92  94  96  98 102 104 106 108 110 112 114 117
2023-07-05 17:30:52,151:INFO:119 121 123 125 127 129 131 134 136 138 140 142 144 146 149 151 153 155
2023-07-05 17:30:52,151:INFO:157 159 161 163 166 168 170 172 174 176 178 181 183 185 187 189 191 193
2023-07-05 17:30:52,151:INFO:195 197]
2023-07-05 17:30:52,151:INFO:
2023-07-05 17:30:52,151:INFO:********************** type bvals: <class 'numpy.ndarray'>
2023-07-05 17:30:52,151:INFO:********************** type ref_bvals: <class 'numpy.ndarray'>
2023-07-05 17:30:52,151:INFO:********************** type bvals == ref_bvals: [ True  True  True]
2023-07-05 17:30:52,151:INFO:********************** imgPath: /home/ec2-user/DATA/deviceID67040/target/h0023_01_EdEp.nii.gz
2023-07-05 17:30:52,151:INFO:********************** bvals: [   0. 1500. 3000.]
2023-07-05 17:30:52,151:INFO:********************** ref_bvals: [   0. 1500. 3000.]
2023-07-05 17:30:52,152:INFO:b-shells matched for h0023_01_EdEp.nii.gz
2023-07-05 17:30:52,152:INFO:/home/ec2-user/DATA/deviceID67040/target/h0026_01_EdEp.bval
2023-07-05 17:30:52,152:INFO:b-shell bvalues [   0. 1500. 3000.]
2023-07-05 17:30:52,152:INFO:Indices corresponding to b-shell 0.0
2023-07-05 17:30:52,152:INFO:[  0   1  17  33  49  65  81  99 100 116 132 148 164 180]
2023-07-05 17:30:52,152:INFO:
2023-07-05 17:30:52,152:INFO:Indices corresponding to b-shell 1500.0
2023-07-05 17:30:52,152:INFO:[  2   4   6   8  10  12  14  16  19  21  23  25  27  29  31  34  36  38
2023-07-05 17:30:52,152:INFO:40  42  44  46  48  51  53  55  57  59  61  63  66  68  70  72  74  76
2023-07-05 17:30:52,152:INFO:78  80  83  85  87  89  91  93  95  97 101 103 105 107 109 111 113 115
2023-07-05 17:30:52,152:INFO:118 120 122 124 126 128 130 133 135 137 139 141 143 145 147 150 152 154
2023-07-05 17:30:52,152:INFO:156 158 160 162 165 167 169 171 173 175 177 179 182 184 186 188 190 192
2023-07-05 17:30:52,152:INFO:194 196 198]
2023-07-05 17:30:52,152:INFO:
2023-07-05 17:30:52,152:INFO:Indices corresponding to b-shell 3000.0
2023-07-05 17:30:52,152:INFO:[  3   5   7   9  11  13  15  18  20  22  24  26  28  30  32  35  37  39
2023-07-05 17:30:52,152:INFO:41  43  45  47  50  52  54  56  58  60  62  64  67  69  71  73  75  77
2023-07-05 17:30:52,152:INFO:79  82  84  86  88  90  92  94  96  98 102 104 106 108 110 112 114 117
2023-07-05 17:30:52,152:INFO:119 121 123 125 127 129 131 134 136 138 140 142 144 146 149 151 153 155
2023-07-05 17:30:52,152:INFO:157 159 161 163 166 168 170 172 174 176 178 181 183 185 187 189 191 193
2023-07-05 17:30:52,152:INFO:195 197]
2023-07-05 17:30:52,152:INFO:
2023-07-05 17:30:52,152:INFO:********************** type bvals: <class 'numpy.ndarray'>
2023-07-05 17:30:52,153:INFO:********************** type ref_bvals: <class 'numpy.ndarray'>
2023-07-05 17:30:52,153:INFO:********************** type bvals == ref_bvals: [ True  True  True]
2023-07-05 17:30:52,153:INFO:********************** imgPath: /home/ec2-user/DATA/deviceID67040/target/h0026_01_EdEp.nii.gz
2023-07-05 17:30:52,153:INFO:********************** bvals: [   0. 1500. 3000.]
2023-07-05 17:30:52,153:INFO:********************** ref_bvals: [   0. 1500. 3000.]
2023-07-05 17:30:52,153:INFO:b-shells matched for h0026_01_EdEp.nii.gz
2023-07-05 17:30:52,153:INFO:/home/ec2-user/DATA/deviceID67040/target/h0028_01_EdEp.bval
2023-07-05 17:30:52,153:INFO:b-shell bvalues [   0. 1500. 3000.]
2023-07-05 17:30:52,153:INFO:Indices corresponding to b-shell 0.0
2023-07-05 17:30:52,153:INFO:[  0   1  17  33  49  65  81  99 100 116 132 148 164 180]
2023-07-05 17:30:52,153:INFO:
2023-07-05 17:30:52,153:INFO:Indices corresponding to b-shell 1500.0
2023-07-05 17:30:52,153:INFO:[  2   4   6   8  10  12  14  16  19  21  23  25  27  29  31  34  36  38
2023-07-05 17:30:52,153:INFO:40  42  44  46  48  51  53  55  57  59  61  63  66  68  70  72  74  76
2023-07-05 17:30:52,153:INFO:78  80  83  85  87  89  91  93  95  97 101 103 105 107 109 111 113 115
2023-07-05 17:30:52,153:INFO:118 120 122 124 126 128 130 133 135 137 139 141 143 145 147 150 152 154
2023-07-05 17:30:52,153:INFO:156 158 160 162 165 167 169 171 173 175 177 179 182 184 186 188 190 192
2023-07-05 17:30:52,153:INFO:194 196 198]
2023-07-05 17:30:52,153:INFO:
2023-07-05 17:30:52,153:INFO:Indices corresponding to b-shell 3000.0
2023-07-05 17:30:52,153:INFO:[  3   5   7   9  11  13  15  18  20  22  24  26  28  30  32  35  37  39
2023-07-05 17:30:52,153:INFO:41  43  45  47  50  52  54  56  58  60  62  64  67  69  71  73  75  77
2023-07-05 17:30:52,154:INFO:79  82  84  86  88  90  92  94  96  98 102 104 106 108 110 112 114 117
2023-07-05 17:30:52,154:INFO:119 121 123 125 127 129 131 134 136 138 140 142 144 146 149 151 153 155
2023-07-05 17:30:52,154:INFO:157 159 161 163 166 168 170 172 174 176 178 181 183 185 187 189 191 193
2023-07-05 17:30:52,154:INFO:195 197]
2023-07-05 17:30:52,154:INFO:
2023-07-05 17:30:52,154:INFO:********************** type bvals: <class 'numpy.ndarray'>
2023-07-05 17:30:52,154:INFO:********************** type ref_bvals: <class 'numpy.ndarray'>
2023-07-05 17:30:52,154:INFO:********************** type bvals == ref_bvals: [ True  True  True]
2023-07-05 17:30:52,154:INFO:********************** imgPath: /home/ec2-user/DATA/deviceID67040/target/h0028_01_EdEp.nii.gz
2023-07-05 17:30:52,154:INFO:********************** bvals: [   0. 1500. 3000.]
2023-07-05 17:30:52,154:INFO:********************** ref_bvals: [   0. 1500. 3000.]
2023-07-05 17:30:52,154:INFO:b-shells matched for h0028_01_EdEp.nii.gz
2023-07-05 17:30:52,154:INFO:/home/ec2-user/DATA/deviceID67040/target/h0031_01_EdEp.bval
2023-07-05 17:30:52,154:INFO:b-shell bvalues [   0. 1500. 3000.]
2023-07-05 17:30:52,154:INFO:Indices corresponding to b-shell 0.0
2023-07-05 17:30:52,154:INFO:[  0   1  17  33  49  65  81  99 100 116 132 148 164 180]
2023-07-05 17:30:52,154:INFO:
2023-07-05 17:30:52,154:INFO:Indices corresponding to b-shell 1500.0
2023-07-05 17:30:52,154:INFO:[  2   4   6   8  10  12  14  16  19  21  23  25  27  29  31  34  36  38
2023-07-05 17:30:52,154:INFO:40  42  44  46  48  51  53  55  57  59  61  63  66  68  70  72  74  76
2023-07-05 17:30:52,154:INFO:78  80  83  85  87  89  91  93  95  97 101 103 105 107 109 111 113 115
2023-07-05 17:30:52,154:INFO:118 120 122 124 126 128 130 133 135 137 139 141 143 145 147 150 152 154
2023-07-05 17:30:52,155:INFO:156 158 160 162 165 167 169 171 173 175 177 179 182 184 186 188 190 192
2023-07-05 17:30:52,155:INFO:194 196 198]
2023-07-05 17:30:52,155:INFO:
2023-07-05 17:30:52,155:INFO:Indices corresponding to b-shell 3000.0
2023-07-05 17:30:52,155:INFO:[  3   5   7   9  11  13  15  18  20  22  24  26  28  30  32  35  37  39
2023-07-05 17:30:52,155:INFO:41  43  45  47  50  52  54  56  58  60  62  64  67  69  71  73  75  77
2023-07-05 17:30:52,155:INFO:79  82  84  86  88  90  92  94  96  98 102 104 106 108 110 112 114 117
2023-07-05 17:30:52,155:INFO:119 121 123 125 127 129 131 134 136 138 140 142 144 146 149 151 153 155
2023-07-05 17:30:52,155:INFO:157 159 161 163 166 168 170 172 174 176 178 181 183 185 187 189 191 193
2023-07-05 17:30:52,155:INFO:195 197]
2023-07-05 17:30:52,155:INFO:
2023-07-05 17:30:52,155:INFO:********************** type bvals: <class 'numpy.ndarray'>
2023-07-05 17:30:52,155:INFO:********************** type ref_bvals: <class 'numpy.ndarray'>
2023-07-05 17:30:52,155:INFO:********************** type bvals == ref_bvals: [ True  True  True]
2023-07-05 17:30:52,155:INFO:********************** imgPath: /home/ec2-user/DATA/deviceID67040/target/h0031_01_EdEp.nii.gz
2023-07-05 17:30:52,155:INFO:********************** bvals: [   0. 1500. 3000.]
2023-07-05 17:30:52,155:INFO:********************** ref_bvals: [   0. 1500. 3000.]
2023-07-05 17:30:52,155:INFO:b-shells matched for h0031_01_EdEp.nii.gz
2023-07-05 17:30:52,155:INFO:/home/ec2-user/DATA/deviceID67040/target/h0035_01_EdEp.bval
2023-07-05 17:30:52,155:INFO:b-shell bvalues [   0. 1500. 3000.]
2023-07-05 17:30:52,155:INFO:Indices corresponding to b-shell 0.0
2023-07-05 17:30:52,155:INFO:[  0   1  17  33  49  65  81  99 100 116 132 148 164 180]
2023-07-05 17:30:52,155:INFO:
2023-07-05 17:30:52,156:INFO:Indices corresponding to b-shell 1500.0
2023-07-05 17:30:52,156:INFO:[  2   4   6   8  10  12  14  16  19  21  23  25  27  29  31  34  36  38
2023-07-05 17:30:52,156:INFO:40  42  44  46  48  51  53  55  57  59  61  63  66  68  70  72  74  76
2023-07-05 17:30:52,156:INFO:78  80  83  85  87  89  91  93  95  97 101 103 105 107 109 111 113 115
2023-07-05 17:30:52,156:INFO:118 120 122 124 126 128 130 133 135 137 139 141 143 145 147 150 152 154
2023-07-05 17:30:52,156:INFO:156 158 160 162 165 167 169 171 173 175 177 179 182 184 186 188 190 192
2023-07-05 17:30:52,156:INFO:194 196 198]
2023-07-05 17:30:52,156:INFO:
2023-07-05 17:30:52,156:INFO:Indices corresponding to b-shell 3000.0
2023-07-05 17:30:52,156:INFO:[  3   5   7   9  11  13  15  18  20  22  24  26  28  30  32  35  37  39
2023-07-05 17:30:52,156:INFO:41  43  45  47  50  52  54  56  58  60  62  64  67  69  71  73  75  77
2023-07-05 17:30:52,156:INFO:79  82  84  86  88  90  92  94  96  98 102 104 106 108 110 112 114 117
2023-07-05 17:30:52,156:INFO:119 121 123 125 127 129 131 134 136 138 140 142 144 146 149 151 153 155
2023-07-05 17:30:52,156:INFO:157 159 161 163 166 168 170 172 174 176 178 181 183 185 187 189 191 193
2023-07-05 17:30:52,156:INFO:195 197]
2023-07-05 17:30:52,156:INFO:
2023-07-05 17:30:52,156:INFO:********************** type bvals: <class 'numpy.ndarray'>
2023-07-05 17:30:52,156:INFO:********************** type ref_bvals: <class 'numpy.ndarray'>
2023-07-05 17:30:52,156:INFO:********************** type bvals == ref_bvals: [ True  True  True]
2023-07-05 17:30:52,156:INFO:********************** imgPath: /home/ec2-user/DATA/deviceID67040/target/h0035_01_EdEp.nii.gz
2023-07-05 17:30:52,156:INFO:********************** bvals: [   0. 1500. 3000.]
2023-07-05 17:30:52,156:INFO:********************** ref_bvals: [   0. 1500. 3000.]
2023-07-05 17:30:52,157:INFO:b-shells matched for h0035_01_EdEp.nii.gz
2023-07-05 17:30:52,157:INFO:/home/ec2-user/DATA/deviceID67040/target/h0035_02_EdEp.bval
2023-07-05 17:30:52,157:INFO:b-shell bvalues [   0. 1500. 3000.]
2023-07-05 17:30:52,157:INFO:Indices corresponding to b-shell 0.0
2023-07-05 17:30:52,157:INFO:[  0   1  17  33  49  65  81  99 100 116 132 148 164 180]
2023-07-05 17:30:52,157:INFO:
2023-07-05 17:30:52,157:INFO:Indices corresponding to b-shell 1500.0
2023-07-05 17:30:52,157:INFO:[  2   4   6   8  10  12  14  16  19  21  23  25  27  29  31  34  36  38
2023-07-05 17:30:52,157:INFO:40  42  44  46  48  51  53  55  57  59  61  63  66  68  70  72  74  76
2023-07-05 17:30:52,157:INFO:78  80  83  85  87  89  91  93  95  97 101 103 105 107 109 111 113 115
2023-07-05 17:30:52,157:INFO:118 120 122 124 126 128 130 133 135 137 139 141 143 145 147 150 152 154
2023-07-05 17:30:52,157:INFO:156 158 160 162 165 167 169 171 173 175 177 179 182 184 186 188 190 192
2023-07-05 17:30:52,157:INFO:194 196 198]
2023-07-05 17:30:52,157:INFO:
2023-07-05 17:30:52,157:INFO:Indices corresponding to b-shell 3000.0
2023-07-05 17:30:52,157:INFO:[  3   5   7   9  11  13  15  18  20  22  24  26  28  30  32  35  37  39
2023-07-05 17:30:52,157:INFO:41  43  45  47  50  52  54  56  58  60  62  64  67  69  71  73  75  77
2023-07-05 17:30:52,157:INFO:79  82  84  86  88  90  92  94  96  98 102 104 106 108 110 112 114 117
2023-07-05 17:30:52,157:INFO:119 121 123 125 127 129 131 134 136 138 140 142 144 146 149 151 153 155
2023-07-05 17:30:52,157:INFO:157 159 161 163 166 168 170 172 174 176 178 181 183 185 187 189 191 193
2023-07-05 17:30:52,157:INFO:195 197]
2023-07-05 17:30:52,157:INFO:
2023-07-05 17:30:52,157:INFO:********************** type bvals: <class 'numpy.ndarray'>
2023-07-05 17:30:52,158:INFO:********************** type ref_bvals: <class 'numpy.ndarray'>
2023-07-05 17:30:52,158:INFO:********************** type bvals == ref_bvals: [ True  True  True]
2023-07-05 17:30:52,158:INFO:********************** imgPath: /home/ec2-user/DATA/deviceID67040/target/h0035_02_EdEp.nii.gz
2023-07-05 17:30:52,158:INFO:********************** bvals: [   0. 1500. 3000.]
2023-07-05 17:30:52,158:INFO:********************** ref_bvals: [   0. 1500. 3000.]
2023-07-05 17:30:52,158:INFO:b-shells matched for h0035_02_EdEp.nii.gz
2023-07-05 17:30:52,158:INFO:/home/ec2-user/DATA/deviceID67040/target/h0036_01_EdEp.bval
2023-07-05 17:30:52,168:INFO:b-shell bvalues [   0. 1500. 3000.]
2023-07-05 17:30:52,168:INFO:Indices corresponding to b-shell 0.0
2023-07-05 17:30:52,168:INFO:[  0   1  17  33  49  65  81  99 100 116 132 148 164 180]
2023-07-05 17:30:52,169:INFO:
2023-07-05 17:30:52,169:INFO:Indices corresponding to b-shell 1500.0
2023-07-05 17:30:52,169:INFO:[  2   4   6   8  10  12  14  16  19  21  23  25  27  29  31  34  36  38
2023-07-05 17:30:52,169:INFO:40  42  44  46  48  51  53  55  57  59  61  63  66  68  70  72  74  76
2023-07-05 17:30:52,169:INFO:78  80  83  85  87  89  91  93  95  97 101 103 105 107 109 111 113 115
2023-07-05 17:30:52,169:INFO:118 120 122 124 126 128 130 133 135 137 139 141 143 145 147 150 152 154
2023-07-05 17:30:52,169:INFO:156 158 160 162 165 167 169 171 173 175 177 179 182 184 186 188 190 192
2023-07-05 17:30:52,169:INFO:194 196 198]
2023-07-05 17:30:52,169:INFO:
2023-07-05 17:30:52,169:INFO:Indices corresponding to b-shell 3000.0
2023-07-05 17:30:52,169:INFO:[  3   5   7   9  11  13  15  18  20  22  24  26  28  30  32  35  37  39
2023-07-05 17:30:52,169:INFO:41  43  45  47  50  52  54  56  58  60  62  64  67  69  71  73  75  77
2023-07-05 17:30:52,169:INFO:79  82  84  86  88  90  92  94  96  98 102 104 106 108 110 112 114 117
2023-07-05 17:30:52,169:INFO:119 121 123 125 127 129 131 134 136 138 140 142 144 146 149 151 153 155
2023-07-05 17:30:52,169:INFO:157 159 161 163 166 168 170 172 174 176 178 181 183 185 187 189 191 193
2023-07-05 17:30:52,169:INFO:195 197]
2023-07-05 17:30:52,169:INFO:
2023-07-05 17:30:52,169:INFO:********************** type bvals: <class 'numpy.ndarray'>
2023-07-05 17:30:52,169:INFO:********************** type ref_bvals: <class 'numpy.ndarray'>
2023-07-05 17:30:52,169:INFO:********************** type bvals == ref_bvals: [ True  True  True]
2023-07-05 17:30:52,169:INFO:********************** imgPath: /home/ec2-user/DATA/deviceID67040/target/h0036_01_EdEp.nii.gz
2023-07-05 17:30:52,169:INFO:********************** bvals: [   0. 1500. 3000.]
2023-07-05 17:30:52,169:INFO:********************** ref_bvals: [   0. 1500. 3000.]
2023-07-05 17:30:52,170:INFO:b-shells matched for h0036_01_EdEp.nii.gz
2023-07-05 17:30:52,170:INFO:/home/ec2-user/DATA/deviceID67040/target/h0037_01_EdEp.bval
2023-07-05 17:30:52,170:INFO:b-shell bvalues [   0. 1500. 3000.]
2023-07-05 17:30:52,170:INFO:Indices corresponding to b-shell 0.0
2023-07-05 17:30:52,170:INFO:[  0   1  17  33  49  65  81  99 100 116 132 148 164 180]
2023-07-05 17:30:52,170:INFO:
2023-07-05 17:30:52,170:INFO:Indices corresponding to b-shell 1500.0
2023-07-05 17:30:52,170:INFO:[  2   4   6   8  10  12  14  16  19  21  23  25  27  29  31  34  36  38
2023-07-05 17:30:52,170:INFO:40  42  44  46  48  51  53  55  57  59  61  63  66  68  70  72  74  76
2023-07-05 17:30:52,170:INFO:78  80  83  85  87  89  91  93  95  97 101 103 105 107 109 111 113 115
2023-07-05 17:30:52,170:INFO:118 120 122 124 126 128 130 133 135 137 139 141 143 145 147 150 152 154
2023-07-05 17:30:52,170:INFO:156 158 160 162 165 167 169 171 173 175 177 179 182 184 186 188 190 192
2023-07-05 17:30:52,170:INFO:194 196 198]
2023-07-05 17:30:52,170:INFO:
2023-07-05 17:30:52,170:INFO:Indices corresponding to b-shell 3000.0
2023-07-05 17:30:52,170:INFO:[  3   5   7   9  11  13  15  18  20  22  24  26  28  30  32  35  37  39
2023-07-05 17:30:52,170:INFO:41  43  45  47  50  52  54  56  58  60  62  64  67  69  71  73  75  77
2023-07-05 17:30:52,170:INFO:79  82  84  86  88  90  92  94  96  98 102 104 106 108 110 112 114 117
2023-07-05 17:30:52,170:INFO:119 121 123 125 127 129 131 134 136 138 140 142 144 146 149 151 153 155
2023-07-05 17:30:52,170:INFO:157 159 161 163 166 168 170 172 174 176 178 181 183 185 187 189 191 193
2023-07-05 17:30:52,170:INFO:195 197]
2023-07-05 17:30:52,170:INFO:
2023-07-05 17:30:52,171:INFO:********************** type bvals: <class 'numpy.ndarray'>
2023-07-05 17:30:52,171:INFO:********************** type ref_bvals: <class 'numpy.ndarray'>
2023-07-05 17:30:52,171:INFO:********************** type bvals == ref_bvals: [ True  True  True]
2023-07-05 17:30:52,171:INFO:********************** imgPath: /home/ec2-user/DATA/deviceID67040/target/h0037_01_EdEp.nii.gz
2023-07-05 17:30:52,171:INFO:********************** bvals: [   0. 1500. 3000.]
2023-07-05 17:30:52,171:INFO:********************** ref_bvals: [   0. 1500. 3000.]
2023-07-05 17:30:52,171:INFO:b-shells matched for h0037_01_EdEp.nii.gz
2023-07-05 17:30:52,171:INFO:/home/ec2-user/DATA/deviceID67040/target/h0038_01_EdEp.bval
2023-07-05 17:30:52,171:INFO:b-shell bvalues [   0. 1500. 3000.]
2023-07-05 17:30:52,171:INFO:Indices corresponding to b-shell 0.0
2023-07-05 17:30:52,171:INFO:[  0   1  17  33  49  65  81  99 100 116 132 148 164 180]
2023-07-05 17:30:52,171:INFO:
2023-07-05 17:30:52,171:INFO:Indices corresponding to b-shell 1500.0
2023-07-05 17:30:52,171:INFO:[  2   4   6   8  10  12  14  16  19  21  23  25  27  29  31  34  36  38
2023-07-05 17:30:52,171:INFO:40  42  44  46  48  51  53  55  57  59  61  63  66  68  70  72  74  76
2023-07-05 17:30:52,171:INFO:78  80  83  85  87  89  91  93  95  97 101 103 105 107 109 111 113 115
2023-07-05 17:30:52,171:INFO:118 120 122 124 126 128 130 133 135 137 139 141 143 145 147 150 152 154
2023-07-05 17:30:52,171:INFO:156 158 160 162 165 167 169 171 173 175 177 179 182 184 186 188 190 192
2023-07-05 17:30:52,171:INFO:194 196 198]
2023-07-05 17:30:52,171:INFO:
2023-07-05 17:30:52,171:INFO:Indices corresponding to b-shell 3000.0
2023-07-05 17:30:52,171:INFO:[  3   5   7   9  11  13  15  18  20  22  24  26  28  30  32  35  37  39
2023-07-05 17:30:52,172:INFO:41  43  45  47  50  52  54  56  58  60  62  64  67  69  71  73  75  77
2023-07-05 17:30:52,172:INFO:79  82  84  86  88  90  92  94  96  98 102 104 106 108 110 112 114 117
2023-07-05 17:30:52,172:INFO:119 121 123 125 127 129 131 134 136 138 140 142 144 146 149 151 153 155
2023-07-05 17:30:52,172:INFO:157 159 161 163 166 168 170 172 174 176 178 181 183 185 187 189 191 193
2023-07-05 17:30:52,172:INFO:195 197]
2023-07-05 17:30:52,172:INFO:
2023-07-05 17:30:52,172:INFO:********************** type bvals: <class 'numpy.ndarray'>
2023-07-05 17:30:52,172:INFO:********************** type ref_bvals: <class 'numpy.ndarray'>
2023-07-05 17:30:52,172:INFO:********************** type bvals == ref_bvals: [ True  True  True]
2023-07-05 17:30:52,172:INFO:********************** imgPath: /home/ec2-user/DATA/deviceID67040/target/h0038_01_EdEp.nii.gz
2023-07-05 17:30:52,172:INFO:********************** bvals: [   0. 1500. 3000.]
2023-07-05 17:30:52,172:INFO:********************** ref_bvals: [   0. 1500. 3000.]
2023-07-05 17:30:52,172:INFO:b-shells matched for h0038_01_EdEp.nii.gz
2023-07-05 17:30:52,172:INFO:/home/ec2-user/DATA/deviceID67040/target/h0038_02_EdEp.bval
2023-07-05 17:30:52,172:INFO:b-shell bvalues [   0. 1500. 3000.]
2023-07-05 17:30:52,172:INFO:Indices corresponding to b-shell 0.0
2023-07-05 17:30:52,172:INFO:[  0   1  17  33  49  65  81  99 100 116 132 148 164 180]
2023-07-05 17:30:52,172:INFO:
2023-07-05 17:30:52,172:INFO:Indices corresponding to b-shell 1500.0
2023-07-05 17:30:52,172:INFO:[  2   4   6   8  10  12  14  16  19  21  23  25  27  29  31  34  36  38
2023-07-05 17:30:52,172:INFO:40  42  44  46  48  51  53  55  57  59  61  63  66  68  70  72  74  76
2023-07-05 17:30:52,173:INFO:78  80  83  85  87  89  91  93  95  97 101 103 105 107 109 111 113 115
2023-07-05 17:30:52,173:INFO:118 120 122 124 126 128 130 133 135 137 139 141 143 145 147 150 152 154
2023-07-05 17:30:52,173:INFO:156 158 160 162 165 167 169 171 173 175 177 179 182 184 186 188 190 192
2023-07-05 17:30:52,173:INFO:194 196 198]
2023-07-05 17:30:52,173:INFO:
2023-07-05 17:30:52,173:INFO:Indices corresponding to b-shell 3000.0
2023-07-05 17:30:52,173:INFO:[  3   5   7   9  11  13  15  18  20  22  24  26  28  30  32  35  37  39
2023-07-05 17:30:52,173:INFO:41  43  45  47  50  52  54  56  58  60  62  64  67  69  71  73  75  77
2023-07-05 17:30:52,173:INFO:79  82  84  86  88  90  92  94  96  98 102 104 106 108 110 112 114 117
2023-07-05 17:30:52,173:INFO:119 121 123 125 127 129 131 134 136 138 140 142 144 146 149 151 153 155
2023-07-05 17:30:52,173:INFO:157 159 161 163 166 168 170 172 174 176 178 181 183 185 187 189 191 193
2023-07-05 17:30:52,173:INFO:195 197]
2023-07-05 17:30:52,173:INFO:
2023-07-05 17:30:52,173:INFO:********************** type bvals: <class 'numpy.ndarray'>
2023-07-05 17:30:52,173:INFO:********************** type ref_bvals: <class 'numpy.ndarray'>
2023-07-05 17:30:52,173:INFO:********************** type bvals == ref_bvals: [ True  True  True]
2023-07-05 17:30:52,173:INFO:********************** imgPath: /home/ec2-user/DATA/deviceID67040/target/h0038_02_EdEp.nii.gz
2023-07-05 17:30:52,173:INFO:********************** bvals: [   0. 1500. 3000.]
2023-07-05 17:30:52,173:INFO:********************** ref_bvals: [   0. 1500. 3000.]
2023-07-05 17:30:52,173:INFO:b-shells matched for h0038_02_EdEp.nii.gz
2023-07-05 17:30:52,173:INFO:/home/ec2-user/DATA/deviceID67040/target/h0039_01_EdEp.bval
2023-07-05 17:30:52,173:INFO:b-shell bvalues [   0. 1500. 3000.]
2023-07-05 17:30:52,173:INFO:Indices corresponding to b-shell 0.0
2023-07-05 17:30:52,174:INFO:[  0   1  17  33  49  65  70  71  87 103 119 135 151]
2023-07-05 17:30:52,174:INFO:
2023-07-05 17:30:52,174:INFO:Indices corresponding to b-shell 1500.0
2023-07-05 17:30:52,174:INFO:[  2   4   6   8  10  12  14  16  19  21  23  25  27  29  31  34  36  38
2023-07-05 17:30:52,174:INFO:40  42  44  46  48  51  53  55  57  59  61  63  66  68  72  74  76  78
2023-07-05 17:30:52,174:INFO:80  82  84  86  89  91  93  95  97  99 101 104 106 108 110 112 114 116
2023-07-05 17:30:52,174:INFO:118 121 123 125 127 129 131 133 136 138 140 142 144 146 148 150 153 155
2023-07-05 17:30:52,174:INFO:157 159 161 163 165 167 169]
2023-07-05 17:30:52,174:INFO:
2023-07-05 17:30:52,174:INFO:Indices corresponding to b-shell 3000.0
2023-07-05 17:30:52,174:INFO:[  3   5   7   9  11  13  15  18  20  22  24  26  28  30  32  35  37  39
2023-07-05 17:30:52,174:INFO:41  43  45  47  50  52  54  56  58  60  62  64  67  69  73  75  77  79
2023-07-05 17:30:52,174:INFO:81  83  85  88  90  92  94  96  98 100 102 105 107 109 111 113 115 117
2023-07-05 17:30:52,174:INFO:120 122 124 126 128 130 132 134 137 139 141 143 145 147 149 152 154 156
2023-07-05 17:30:52,174:INFO:158 160 162 164 166 168]
2023-07-05 17:30:52,174:INFO:
2023-07-05 17:30:52,174:INFO:********************** type bvals: <class 'numpy.ndarray'>
2023-07-05 17:30:52,174:INFO:********************** type ref_bvals: <class 'numpy.ndarray'>
2023-07-05 17:30:52,174:INFO:********************** type bvals == ref_bvals: [ True  True  True]
2023-07-05 17:30:52,174:INFO:********************** imgPath: /home/ec2-user/DATA/deviceID67040/target/h0039_01_EdEp.nii.gz
2023-07-05 17:30:52,174:INFO:********************** bvals: [   0. 1500. 3000.]
2023-07-05 17:30:52,174:INFO:********************** ref_bvals: [   0. 1500. 3000.]
2023-07-05 17:30:52,174:INFO:b-shells matched for h0039_01_EdEp.nii.gz
2023-07-05 17:30:52,175:INFO:/home/ec2-user/DATA/deviceID67040/target/h0039_02_EdEp.bval
2023-07-05 17:30:52,175:INFO:b-shell bvalues [   0. 1500. 3000.]
2023-07-05 17:30:52,175:INFO:Indices corresponding to b-shell 0.0
2023-07-05 17:30:52,175:INFO:[  0   1  17  33  49  65  81  99 100 116 132 148 164 180]
2023-07-05 17:30:52,175:INFO:
2023-07-05 17:30:52,175:INFO:Indices corresponding to b-shell 1500.0
2023-07-05 17:30:52,175:INFO:[  2   4   6   8  10  12  14  16  19  21  23  25  27  29  31  34  36  38
2023-07-05 17:30:52,175:INFO:40  42  44  46  48  51  53  55  57  59  61  63  66  68  70  72  74  76
2023-07-05 17:30:52,175:INFO:78  80  83  85  87  89  91  93  95  97 101 103 105 107 109 111 113 115
2023-07-05 17:30:52,175:INFO:118 120 122 124 126 128 130 133 135 137 139 141 143 145 147 150 152 154
2023-07-05 17:30:52,175:INFO:156 158 160 162 165 167 169 171 173 175 177 179 182 184 186 188 190 192
2023-07-05 17:30:52,175:INFO:194 196 198]
2023-07-05 17:30:52,175:INFO:
2023-07-05 17:30:52,175:INFO:Indices corresponding to b-shell 3000.0
2023-07-05 17:30:52,175:INFO:[  3   5   7   9  11  13  15  18  20  22  24  26  28  30  32  35  37  39
2023-07-05 17:30:52,175:INFO:41  43  45  47  50  52  54  56  58  60  62  64  67  69  71  73  75  77
2023-07-05 17:30:52,175:INFO:79  82  84  86  88  90  92  94  96  98 102 104 106 108 110 112 114 117
2023-07-05 17:30:52,175:INFO:119 121 123 125 127 129 131 134 136 138 140 142 144 146 149 151 153 155
2023-07-05 17:30:52,175:INFO:157 159 161 163 166 168 170 172 174 176 178 181 183 185 187 189 191 193
2023-07-05 17:30:52,175:INFO:195 197]
2023-07-05 17:30:52,175:INFO:
2023-07-05 17:30:52,194:INFO:********************** type bvals: <class 'numpy.ndarray'>
2023-07-05 17:30:52,194:INFO:********************** type ref_bvals: <class 'numpy.ndarray'>
2023-07-05 17:30:52,194:INFO:********************** type bvals == ref_bvals: [ True  True  True]
2023-07-05 17:30:52,194:INFO:********************** imgPath: /home/ec2-user/DATA/deviceID67040/target/h0039_02_EdEp.nii.gz
2023-07-05 17:30:52,194:INFO:********************** bvals: [   0. 1500. 3000.]
2023-07-05 17:30:52,194:INFO:********************** ref_bvals: [   0. 1500. 3000.]
2023-07-05 17:30:52,194:INFO:b-shells matched for h0039_02_EdEp.nii.gz
2023-07-05 17:30:52,194:INFO:/home/ec2-user/DATA/deviceID67040/target/h0040_01_EdEp.bval
2023-07-05 17:30:52,195:INFO:b-shell bvalues [   0. 1500. 3000.]
2023-07-05 17:30:52,195:INFO:Indices corresponding to b-shell 0.0
2023-07-05 17:30:52,195:INFO:[  0   1  17  33  49  65  81  99 100 116 132 148 164 180]
2023-07-05 17:30:52,195:INFO:
2023-07-05 17:30:52,195:INFO:Indices corresponding to b-shell 1500.0
2023-07-05 17:30:52,195:INFO:[  2   4   6   8  10  12  14  16  19  21  23  25  27  29  31  34  36  38
2023-07-05 17:30:52,195:INFO:40  42  44  46  48  51  53  55  57  59  61  63  66  68  70  72  74  76
2023-07-05 17:30:52,195:INFO:78  80  83  85  87  89  91  93  95  97 101 103 105 107 109 111 113 115
2023-07-05 17:30:52,195:INFO:118 120 122 124 126 128 130 133 135 137 139 141 143 145 147 150 152 154
2023-07-05 17:30:52,195:INFO:156 158 160 162 165 167 169 171 173 175 177 179 182 184 186 188 190 192
2023-07-05 17:30:52,195:INFO:194 196 198]
2023-07-05 17:30:52,195:INFO:
2023-07-05 17:30:52,195:INFO:Indices corresponding to b-shell 3000.0
2023-07-05 17:30:52,195:INFO:[  3   5   7   9  11  13  15  18  20  22  24  26  28  30  32  35  37  39
2023-07-05 17:30:52,195:INFO:41  43  45  47  50  52  54  56  58  60  62  64  67  69  71  73  75  77
2023-07-05 17:30:52,195:INFO:79  82  84  86  88  90  92  94  96  98 102 104 106 108 110 112 114 117
2023-07-05 17:30:52,195:INFO:119 121 123 125 127 129 131 134 136 138 140 142 144 146 149 151 153 155
2023-07-05 17:30:52,195:INFO:157 159 161 163 166 168 170 172 174 176 178 181 183 185 187 189 191 193
2023-07-05 17:30:52,195:INFO:195 197]
2023-07-05 17:30:52,195:INFO:
2023-07-05 17:30:52,195:INFO:********************** type bvals: <class 'numpy.ndarray'>
2023-07-05 17:30:52,195:INFO:********************** type ref_bvals: <class 'numpy.ndarray'>
2023-07-05 17:30:52,196:INFO:********************** type bvals == ref_bvals: [ True  True  True]
2023-07-05 17:30:52,196:INFO:********************** imgPath: /home/ec2-user/DATA/deviceID67040/target/h0040_01_EdEp.nii.gz
2023-07-05 17:30:52,196:INFO:********************** bvals: [   0. 1500. 3000.]
2023-07-05 17:30:52,196:INFO:********************** ref_bvals: [   0. 1500. 3000.]
2023-07-05 17:30:52,196:INFO:b-shells matched for h0040_01_EdEp.nii.gz
2023-07-05 17:30:52,196:INFO:/home/ec2-user/DATA/deviceID67040/target/h0040_02_EdEp.bval
2023-07-05 17:30:52,196:INFO:b-shell bvalues [   0. 1500. 3000.]
2023-07-05 17:30:52,196:INFO:Indices corresponding to b-shell 0.0
2023-07-05 17:30:52,196:INFO:[  0   1  17  33  49  65  81  99 100 116 132 148 164 180]
2023-07-05 17:30:52,196:INFO:
2023-07-05 17:30:52,196:INFO:Indices corresponding to b-shell 1500.0
2023-07-05 17:30:52,196:INFO:[  2   4   6   8  10  12  14  16  19  21  23  25  27  29  31  34  36  38
2023-07-05 17:30:52,196:INFO:40  42  44  46  48  51  53  55  57  59  61  63  66  68  70  72  74  76
2023-07-05 17:30:52,196:INFO:78  80  83  85  87  89  91  93  95  97 101 103 105 107 109 111 113 115
2023-07-05 17:30:52,196:INFO:118 120 122 124 126 128 130 133 135 137 139 141 143 145 147 150 152 154
2023-07-05 17:30:52,196:INFO:156 158 160 162 165 167 169 171 173 175 177 179 182 184 186 188 190 192
2023-07-05 17:30:52,196:INFO:194 196 198]
2023-07-05 17:30:52,196:INFO:
2023-07-05 17:30:52,196:INFO:Indices corresponding to b-shell 3000.0
2023-07-05 17:30:52,196:INFO:[  3   5   7   9  11  13  15  18  20  22  24  26  28  30  32  35  37  39
2023-07-05 17:30:52,196:INFO:41  43  45  47  50  52  54  56  58  60  62  64  67  69  71  73  75  77
2023-07-05 17:30:52,196:INFO:79  82  84  86  88  90  92  94  96  98 102 104 106 108 110 112 114 117
2023-07-05 17:30:52,197:INFO:119 121 123 125 127 129 131 134 136 138 140 142 144 146 149 151 153 155
2023-07-05 17:30:52,197:INFO:157 159 161 163 166 168 170 172 174 176 178 181 183 185 187 189 191 193
2023-07-05 17:30:52,197:INFO:195 197]
2023-07-05 17:30:52,197:INFO:
2023-07-05 17:30:52,197:INFO:********************** type bvals: <class 'numpy.ndarray'>
2023-07-05 17:30:52,197:INFO:********************** type ref_bvals: <class 'numpy.ndarray'>
2023-07-05 17:30:52,197:INFO:********************** type bvals == ref_bvals: [ True  True  True]
2023-07-05 17:30:52,197:INFO:********************** imgPath: /home/ec2-user/DATA/deviceID67040/target/h0040_02_EdEp.nii.gz
2023-07-05 17:30:52,197:INFO:********************** bvals: [   0. 1500. 3000.]
2023-07-05 17:30:52,197:INFO:********************** ref_bvals: [   0. 1500. 3000.]
2023-07-05 17:30:52,197:INFO:b-shells matched for h0040_02_EdEp.nii.gz
2023-07-05 17:30:52,197:INFO:/home/ec2-user/DATA/deviceID67040/target/h0041_01_EdEp.bval
2023-07-05 17:30:52,197:INFO:b-shell bvalues [   0. 1500. 3000.]
2023-07-05 17:30:52,197:INFO:Indices corresponding to b-shell 0.0
2023-07-05 17:30:52,197:INFO:[  0   1  17  33  49  65  81  99 100 116 132 148 164 180]
2023-07-05 17:30:52,197:INFO:
2023-07-05 17:30:52,197:INFO:Indices corresponding to b-shell 1500.0
2023-07-05 17:30:52,197:INFO:[  2   4   6   8  10  12  14  16  19  21  23  25  27  29  31  34  36  38
2023-07-05 17:30:52,197:INFO:40  42  44  46  48  51  53  55  57  59  61  63  66  68  70  72  74  76
2023-07-05 17:30:52,197:INFO:78  80  83  85  87  89  91  93  95  97 101 103 105 107 109 111 113 115
2023-07-05 17:30:52,197:INFO:118 120 122 124 126 128 130 133 135 137 139 141 143 145 147 150 152 154
2023-07-05 17:30:52,197:INFO:156 158 160 162 165 167 169 171 173 175 177 179 182 184 186 188 190 192
2023-07-05 17:30:52,198:INFO:194 196 198]
2023-07-05 17:30:52,198:INFO:
2023-07-05 17:30:52,198:INFO:Indices corresponding to b-shell 3000.0
2023-07-05 17:30:52,198:INFO:[  3   5   7   9  11  13  15  18  20  22  24  26  28  30  32  35  37  39
2023-07-05 17:30:52,198:INFO:41  43  45  47  50  52  54  56  58  60  62  64  67  69  71  73  75  77
2023-07-05 17:30:52,198:INFO:79  82  84  86  88  90  92  94  96  98 102 104 106 108 110 112 114 117
2023-07-05 17:30:52,198:INFO:119 121 123 125 127 129 131 134 136 138 140 142 144 146 149 151 153 155
2023-07-05 17:30:52,198:INFO:157 159 161 163 166 168 170 172 174 176 178 181 183 185 187 189 191 193
2023-07-05 17:30:52,198:INFO:195 197]
2023-07-05 17:30:52,198:INFO:
2023-07-05 17:30:52,198:INFO:********************** type bvals: <class 'numpy.ndarray'>
2023-07-05 17:30:52,198:INFO:********************** type ref_bvals: <class 'numpy.ndarray'>
2023-07-05 17:30:52,198:INFO:********************** type bvals == ref_bvals: [ True  True  True]
2023-07-05 17:30:52,198:INFO:********************** imgPath: /home/ec2-user/DATA/deviceID67040/target/h0041_01_EdEp.nii.gz
2023-07-05 17:30:52,198:INFO:********************** bvals: [   0. 1500. 3000.]
2023-07-05 17:30:52,198:INFO:********************** ref_bvals: [   0. 1500. 3000.]
2023-07-05 17:30:52,198:INFO:b-shells matched for h0041_01_EdEp.nii.gz
2023-07-05 17:30:52,198:INFO:/home/ec2-user/DATA/deviceID67040/target/h0041_02_EdEp.bval
2023-07-05 17:30:52,198:INFO:b-shell bvalues [   0. 1500. 3000.]
2023-07-05 17:30:52,198:INFO:Indices corresponding to b-shell 0.0
2023-07-05 17:30:52,198:INFO:[  0   1  17  33  49  65  81  99 100 116 132 148 164 180]
2023-07-05 17:30:52,198:INFO:
2023-07-05 17:30:52,199:INFO:Indices corresponding to b-shell 1500.0
2023-07-05 17:30:52,199:INFO:[  2   4   6   8  10  12  14  16  19  21  23  25  27  29  31  34  36  38
2023-07-05 17:30:52,199:INFO:40  42  44  46  48  51  53  55  57  59  61  63  66  68  70  72  74  76
2023-07-05 17:30:52,199:INFO:78  80  83  85  87  89  91  93  95  97 101 103 105 107 109 111 113 115
2023-07-05 17:30:52,199:INFO:118 120 122 124 126 128 130 133 135 137 139 141 143 145 147 150 152 154
2023-07-05 17:30:52,199:INFO:156 158 160 162 165 167 169 171 173 175 177 179 182 184 186 188 190 192
2023-07-05 17:30:52,199:INFO:194 196 198]
2023-07-05 17:30:52,199:INFO:
2023-07-05 17:30:52,199:INFO:Indices corresponding to b-shell 3000.0
2023-07-05 17:30:52,199:INFO:[  3   5   7   9  11  13  15  18  20  22  24  26  28  30  32  35  37  39
2023-07-05 17:30:52,199:INFO:41  43  45  47  50  52  54  56  58  60  62  64  67  69  71  73  75  77
2023-07-05 17:30:52,199:INFO:79  82  84  86  88  90  92  94  96  98 102 104 106 108 110 112 114 117
2023-07-05 17:30:52,199:INFO:119 121 123 125 127 129 131 134 136 138 140 142 144 146 149 151 153 155
2023-07-05 17:30:52,199:INFO:157 159 161 163 166 168 170 172 174 176 178 181 183 185 187 189 191 193
2023-07-05 17:30:52,199:INFO:195 197]
2023-07-05 17:30:52,199:INFO:
2023-07-05 17:30:52,199:INFO:********************** type bvals: <class 'numpy.ndarray'>
2023-07-05 17:30:52,199:INFO:********************** type ref_bvals: <class 'numpy.ndarray'>
2023-07-05 17:30:52,199:INFO:********************** type bvals == ref_bvals: [ True  True  True]
2023-07-05 17:30:52,199:INFO:********************** imgPath: /home/ec2-user/DATA/deviceID67040/target/h0041_02_EdEp.nii.gz
2023-07-05 17:30:52,199:INFO:********************** bvals: [   0. 1500. 3000.]
2023-07-05 17:30:52,199:INFO:********************** ref_bvals: [   0. 1500. 3000.]
2023-07-05 17:30:52,200:INFO:b-shells matched for h0041_02_EdEp.nii.gz
2023-07-05 17:30:52,200:INFO:/home/ec2-user/DATA/deviceID67040/target/h0043_01_EdEp.bval
2023-07-05 17:30:52,200:INFO:b-shell bvalues [   0. 1500. 3000.]
2023-07-05 17:30:52,200:INFO:Indices corresponding to b-shell 0.0
2023-07-05 17:30:52,200:INFO:[  0   1  17  33  49  65  81  99 100 116 132 148 164 180]
2023-07-05 17:30:52,200:INFO:
2023-07-05 17:30:52,200:INFO:Indices corresponding to b-shell 1500.0
2023-07-05 17:30:52,200:INFO:[  2   4   6   8  10  12  14  16  19  21  23  25  27  29  31  34  36  38
2023-07-05 17:30:52,200:INFO:40  42  44  46  48  51  53  55  57  59  61  63  66  68  70  72  74  76
2023-07-05 17:30:52,200:INFO:78  80  83  85  87  89  91  93  95  97 101 103 105 107 109 111 113 115
2023-07-05 17:30:52,200:INFO:118 120 122 124 126 128 130 133 135 137 139 141 143 145 147 150 152 154
2023-07-05 17:30:52,200:INFO:156 158 160 162 165 167 169 171 173 175 177 179 182 184 186 188 190 192
2023-07-05 17:30:52,200:INFO:194 196 198]
2023-07-05 17:30:52,200:INFO:
2023-07-05 17:30:52,200:INFO:Indices corresponding to b-shell 3000.0
2023-07-05 17:30:52,200:INFO:[  3   5   7   9  11  13  15  18  20  22  24  26  28  30  32  35  37  39
2023-07-05 17:30:52,200:INFO:41  43  45  47  50  52  54  56  58  60  62  64  67  69  71  73  75  77
2023-07-05 17:30:52,200:INFO:79  82  84  86  88  90  92  94  96  98 102 104 106 108 110 112 114 117
2023-07-05 17:30:52,200:INFO:119 121 123 125 127 129 131 134 136 138 140 142 144 146 149 151 153 155
2023-07-05 17:30:52,200:INFO:157 159 161 163 166 168 170 172 174 176 178 181 183 185 187 189 191 193
2023-07-05 17:30:52,200:INFO:195 197]
2023-07-05 17:30:52,200:INFO:
2023-07-05 17:30:52,200:INFO:********************** type bvals: <class 'numpy.ndarray'>
2023-07-05 17:30:52,201:INFO:********************** type ref_bvals: <class 'numpy.ndarray'>
2023-07-05 17:30:52,201:INFO:********************** type bvals == ref_bvals: [ True  True  True]
2023-07-05 17:30:52,201:INFO:********************** imgPath: /home/ec2-user/DATA/deviceID67040/target/h0043_01_EdEp.nii.gz
2023-07-05 17:30:52,201:INFO:********************** bvals: [   0. 1500. 3000.]
2023-07-05 17:30:52,201:INFO:********************** ref_bvals: [   0. 1500. 3000.]
2023-07-05 17:30:52,201:INFO:b-shells matched for h0043_01_EdEp.nii.gz
2023-07-05 17:30:52,201:INFO:/home/ec2-user/DATA/deviceID67040/target/h0043_02_EdEp.bval
2023-07-05 17:30:52,201:INFO:b-shell bvalues [   0. 1500. 3000.]
2023-07-05 17:30:52,201:INFO:Indices corresponding to b-shell 0.0
2023-07-05 17:30:52,201:INFO:[  0   1  17  33  49  65  81  99 100 116 132 148 164 180]
2023-07-05 17:30:52,201:INFO:
2023-07-05 17:30:52,201:INFO:Indices corresponding to b-shell 1500.0
2023-07-05 17:30:52,201:INFO:[  2   4   6   8  10  12  14  16  19  21  23  25  27  29  31  34  36  38
2023-07-05 17:30:52,201:INFO:40  42  44  46  48  51  53  55  57  59  61  63  66  68  70  72  74  76
2023-07-05 17:30:52,201:INFO:78  80  83  85  87  89  91  93  95  97 101 103 105 107 109 111 113 115
2023-07-05 17:30:52,201:INFO:118 120 122 124 126 128 130 133 135 137 139 141 143 145 147 150 152 154
2023-07-05 17:30:52,201:INFO:156 158 160 162 165 167 169 171 173 175 177 179 182 184 186 188 190 192
2023-07-05 17:30:52,217:INFO:194 196 198]
2023-07-05 17:30:52,217:INFO:
2023-07-05 17:30:52,217:INFO:Indices corresponding to b-shell 3000.0
2023-07-05 17:30:52,217:INFO:[  3   5   7   9  11  13  15  18  20  22  24  26  28  30  32  35  37  39
2023-07-05 17:30:52,217:INFO:41  43  45  47  50  52  54  56  58  60  62  64  67  69  71  73  75  77
2023-07-05 17:30:52,217:INFO:79  82  84  86  88  90  92  94  96  98 102 104 106 108 110 112 114 117
2023-07-05 17:30:52,218:INFO:119 121 123 125 127 129 131 134 136 138 140 142 144 146 149 151 153 155
2023-07-05 17:30:52,218:INFO:157 159 161 163 166 168 170 172 174 176 178 181 183 185 187 189 191 193
2023-07-05 17:30:52,218:INFO:195 197]
2023-07-05 17:30:52,218:INFO:
2023-07-05 17:30:52,218:INFO:********************** type bvals: <class 'numpy.ndarray'>
2023-07-05 17:30:52,218:INFO:********************** type ref_bvals: <class 'numpy.ndarray'>
2023-07-05 17:30:52,218:INFO:********************** type bvals == ref_bvals: [ True  True  True]
2023-07-05 17:30:52,218:INFO:********************** imgPath: /home/ec2-user/DATA/deviceID67040/target/h0043_02_EdEp.nii.gz
2023-07-05 17:30:52,218:INFO:********************** bvals: [   0. 1500. 3000.]
2023-07-05 17:30:52,218:INFO:********************** ref_bvals: [   0. 1500. 3000.]
2023-07-05 17:30:52,218:INFO:b-shells matched for h0043_02_EdEp.nii.gz
2023-07-05 17:30:52,218:INFO:/home/ec2-user/DATA/deviceID67040/target/h0044_01_EdEp.bval
2023-07-05 17:30:52,218:INFO:b-shell bvalues [   0. 1500. 3000.]
2023-07-05 17:30:52,218:INFO:Indices corresponding to b-shell 0.0
2023-07-05 17:30:52,218:INFO:[  0   1  17  33  49  65  81  99 100 116 132 148 164 180]
2023-07-05 17:30:52,218:INFO:
2023-07-05 17:30:52,218:INFO:Indices corresponding to b-shell 1500.0
2023-07-05 17:30:52,218:INFO:[  2   4   6   8  10  12  14  16  19  21  23  25  27  29  31  34  36  38
2023-07-05 17:30:52,218:INFO:40  42  44  46  48  51  53  55  57  59  61  63  66  68  70  72  74  76
2023-07-05 17:30:52,218:INFO:78  80  83  85  87  89  91  93  95  97 101 103 105 107 109 111 113 115
2023-07-05 17:30:52,218:INFO:118 120 122 124 126 128 130 133 135 137 139 141 143 145 147 150 152 154
2023-07-05 17:30:52,218:INFO:156 158 160 162 165 167 169 171 173 175 177 179 182 184 186 188 190 192
2023-07-05 17:30:52,218:INFO:194 196 198]
2023-07-05 17:30:52,219:INFO:
2023-07-05 17:30:52,219:INFO:Indices corresponding to b-shell 3000.0
2023-07-05 17:30:52,219:INFO:[  3   5   7   9  11  13  15  18  20  22  24  26  28  30  32  35  37  39
2023-07-05 17:30:52,219:INFO:41  43  45  47  50  52  54  56  58  60  62  64  67  69  71  73  75  77
2023-07-05 17:30:52,219:INFO:79  82  84  86  88  90  92  94  96  98 102 104 106 108 110 112 114 117
2023-07-05 17:30:52,219:INFO:119 121 123 125 127 129 131 134 136 138 140 142 144 146 149 151 153 155
2023-07-05 17:30:52,219:INFO:157 159 161 163 166 168 170 172 174 176 178 181 183 185 187 189 191 193
2023-07-05 17:30:52,219:INFO:195 197]
2023-07-05 17:30:52,219:INFO:
2023-07-05 17:30:52,219:INFO:********************** type bvals: <class 'numpy.ndarray'>
2023-07-05 17:30:52,219:INFO:********************** type ref_bvals: <class 'numpy.ndarray'>
2023-07-05 17:30:52,219:INFO:********************** type bvals == ref_bvals: [ True  True  True]
2023-07-05 17:30:52,219:INFO:********************** imgPath: /home/ec2-user/DATA/deviceID67040/target/h0044_01_EdEp.nii.gz
2023-07-05 17:30:52,219:INFO:********************** bvals: [   0. 1500. 3000.]
2023-07-05 17:30:52,219:INFO:********************** ref_bvals: [   0. 1500. 3000.]
2023-07-05 17:30:52,219:INFO:b-shells matched for h0044_01_EdEp.nii.gz
2023-07-05 17:30:52,219:INFO:/home/ec2-user/DATA/deviceID67040/target/h0046_01_EdEp.bval
2023-07-05 17:30:52,219:INFO:b-shell bvalues [   0. 1500. 3000.]
2023-07-05 17:30:52,219:INFO:Indices corresponding to b-shell 0.0
2023-07-05 17:30:52,219:INFO:[  0   1  17  33  49  65  81  99 100 116 132 148 164 180]
2023-07-05 17:30:52,219:INFO:
2023-07-05 17:30:52,219:INFO:Indices corresponding to b-shell 1500.0
2023-07-05 17:30:52,219:INFO:[  2   4   6   8  10  12  14  16  19  21  23  25  27  29  31  34  36  38
2023-07-05 17:30:52,220:INFO:40  42  44  46  48  51  53  55  57  59  61  63  66  68  70  72  74  76
2023-07-05 17:30:52,220:INFO:78  80  83  85  87  89  91  93  95  97 101 103 105 107 109 111 113 115
2023-07-05 17:30:52,220:INFO:118 120 122 124 126 128 130 133 135 137 139 141 143 145 147 150 152 154
2023-07-05 17:30:52,220:INFO:156 158 160 162 165 167 169 171 173 175 177 179 182 184 186 188 190 192
2023-07-05 17:30:52,220:INFO:194 196 198]
2023-07-05 17:30:52,220:INFO:
2023-07-05 17:30:52,220:INFO:Indices corresponding to b-shell 3000.0
2023-07-05 17:30:52,220:INFO:[  3   5   7   9  11  13  15  18  20  22  24  26  28  30  32  35  37  39
2023-07-05 17:30:52,220:INFO:41  43  45  47  50  52  54  56  58  60  62  64  67  69  71  73  75  77
2023-07-05 17:30:52,220:INFO:79  82  84  86  88  90  92  94  96  98 102 104 106 108 110 112 114 117
2023-07-05 17:30:52,220:INFO:119 121 123 125 127 129 131 134 136 138 140 142 144 146 149 151 153 155
2023-07-05 17:30:52,220:INFO:157 159 161 163 166 168 170 172 174 176 178 181 183 185 187 189 191 193
2023-07-05 17:30:52,220:INFO:195 197]
2023-07-05 17:30:52,220:INFO:
2023-07-05 17:30:52,220:INFO:********************** type bvals: <class 'numpy.ndarray'>
2023-07-05 17:30:52,220:INFO:********************** type ref_bvals: <class 'numpy.ndarray'>
2023-07-05 17:30:52,220:INFO:********************** type bvals == ref_bvals: [ True  True  True]
2023-07-05 17:30:52,220:INFO:********************** imgPath: /home/ec2-user/DATA/deviceID67040/target/h0046_01_EdEp.nii.gz
2023-07-05 17:30:52,220:INFO:********************** bvals: [   0. 1500. 3000.]
2023-07-05 17:30:52,220:INFO:********************** ref_bvals: [   0. 1500. 3000.]
2023-07-05 17:30:52,220:INFO:b-shells matched for h0046_01_EdEp.nii.gz
2023-07-05 17:30:52,220:INFO:/home/ec2-user/DATA/deviceID67040/target/h0046_02_EdEp.bval
2023-07-05 17:30:52,221:INFO:b-shell bvalues [   0. 1500. 3000.]
2023-07-05 17:30:52,221:INFO:Indices corresponding to b-shell 0.0
2023-07-05 17:30:52,221:INFO:[  0   1  17  33  49  65  81  99 100 116 132 148 164 180]
2023-07-05 17:30:52,221:INFO:
2023-07-05 17:30:52,221:INFO:Indices corresponding to b-shell 1500.0
2023-07-05 17:30:52,221:INFO:[  2   4   6   8  10  12  14  16  19  21  23  25  27  29  31  34  36  38
2023-07-05 17:30:52,221:INFO:40  42  44  46  48  51  53  55  57  59  61  63  66  68  70  72  74  76
2023-07-05 17:30:52,221:INFO:78  80  83  85  87  89  91  93  95  97 101 103 105 107 109 111 113 115
2023-07-05 17:30:52,221:INFO:118 120 122 124 126 128 130 133 135 137 139 141 143 145 147 150 152 154
2023-07-05 17:30:52,221:INFO:156 158 160 162 165 167 169 171 173 175 177 179 182 184 186 188 190 192
2023-07-05 17:30:52,221:INFO:194 196 198]
2023-07-05 17:30:52,221:INFO:
2023-07-05 17:30:52,221:INFO:Indices corresponding to b-shell 3000.0
2023-07-05 17:30:52,221:INFO:[  3   5   7   9  11  13  15  18  20  22  24  26  28  30  32  35  37  39
2023-07-05 17:30:52,221:INFO:41  43  45  47  50  52  54  56  58  60  62  64  67  69  71  73  75  77
2023-07-05 17:30:52,221:INFO:79  82  84  86  88  90  92  94  96  98 102 104 106 108 110 112 114 117
2023-07-05 17:30:52,221:INFO:119 121 123 125 127 129 131 134 136 138 140 142 144 146 149 151 153 155
2023-07-05 17:30:52,221:INFO:157 159 161 163 166 168 170 172 174 176 178 181 183 185 187 189 191 193
2023-07-05 17:30:52,221:INFO:195 197]
2023-07-05 17:30:52,221:INFO:
2023-07-05 17:30:52,221:INFO:********************** type bvals: <class 'numpy.ndarray'>
2023-07-05 17:30:52,221:INFO:********************** type ref_bvals: <class 'numpy.ndarray'>
2023-07-05 17:30:52,222:INFO:********************** type bvals == ref_bvals: [ True  True  True]
2023-07-05 17:30:52,222:INFO:********************** imgPath: /home/ec2-user/DATA/deviceID67040/target/h0046_02_EdEp.nii.gz
2023-07-05 17:30:52,222:INFO:********************** bvals: [   0. 1500. 3000.]
2023-07-05 17:30:52,222:INFO:********************** ref_bvals: [   0. 1500. 3000.]
2023-07-05 17:30:52,222:INFO:b-shells matched for h0046_02_EdEp.nii.gz
2023-07-05 17:30:52,222:INFO:/home/ec2-user/DATA/deviceID67040/target/h0048_01_EdEp.bval
2023-07-05 17:30:52,222:INFO:b-shell bvalues [   0. 1500. 3000.]
2023-07-05 17:30:52,222:INFO:Indices corresponding to b-shell 0.0
2023-07-05 17:30:52,222:INFO:[  0   1  17  33  49  65  81  99 100 116 132 148 164 180]
2023-07-05 17:30:52,222:INFO:
2023-07-05 17:30:52,222:INFO:Indices corresponding to b-shell 1500.0
2023-07-05 17:30:52,222:INFO:[  2   4   6   8  10  12  14  16  19  21  23  25  27  29  31  34  36  38
2023-07-05 17:30:52,222:INFO:40  42  44  46  48  51  53  55  57  59  61  63  66  68  70  72  74  76
2023-07-05 17:30:52,222:INFO:78  80  83  85  87  89  91  93  95  97 101 103 105 107 109 111 113 115
2023-07-05 17:30:52,222:INFO:118 120 122 124 126 128 130 133 135 137 139 141 143 145 147 150 152 154
2023-07-05 17:30:52,222:INFO:156 158 160 162 165 167 169 171 173 175 177 179 182 184 186 188 190 192
2023-07-05 17:30:52,222:INFO:194 196 198]
2023-07-05 17:30:52,222:INFO:
2023-07-05 17:30:52,222:INFO:Indices corresponding to b-shell 3000.0
2023-07-05 17:30:52,222:INFO:[  3   5   7   9  11  13  15  18  20  22  24  26  28  30  32  35  37  39
2023-07-05 17:30:52,222:INFO:41  43  45  47  50  52  54  56  58  60  62  64  67  69  71  73  75  77
2023-07-05 17:30:52,222:INFO:79  82  84  86  88  90  92  94  96  98 102 104 106 108 110 112 114 117
2023-07-05 17:30:52,222:INFO:119 121 123 125 127 129 131 134 136 138 140 142 144 146 149 151 153 155
2023-07-05 17:30:52,223:INFO:157 159 161 163 166 168 170 172 174 176 178 181 183 185 187 189 191 193
2023-07-05 17:30:52,223:INFO:195 197]
2023-07-05 17:30:52,223:INFO:
2023-07-05 17:30:52,223:INFO:********************** type bvals: <class 'numpy.ndarray'>
2023-07-05 17:30:52,223:INFO:********************** type ref_bvals: <class 'numpy.ndarray'>
2023-07-05 17:30:52,223:INFO:********************** type bvals == ref_bvals: [ True  True  True]
2023-07-05 17:30:52,223:INFO:********************** imgPath: /home/ec2-user/DATA/deviceID67040/target/h0048_01_EdEp.nii.gz
2023-07-05 17:30:52,223:INFO:********************** bvals: [   0. 1500. 3000.]
2023-07-05 17:30:52,223:INFO:********************** ref_bvals: [   0. 1500. 3000.]
2023-07-05 17:30:52,223:INFO:b-shells matched for h0048_01_EdEp.nii.gz
2023-07-05 17:30:52,223:INFO:/home/ec2-user/DATA/deviceID67040/target/h0048_02_EdEp.bval
2023-07-05 17:30:52,223:INFO:b-shell bvalues [   0. 1500. 3000.]
2023-07-05 17:30:52,223:INFO:Indices corresponding to b-shell 0.0
2023-07-05 17:30:52,223:INFO:[  0   1  17  33  49  65  81  99 100 116 132 148 164 180]
2023-07-05 17:30:52,223:INFO:
2023-07-05 17:30:52,223:INFO:Indices corresponding to b-shell 1500.0
2023-07-05 17:30:52,223:INFO:[  2   4   6   8  10  12  14  16  19  21  23  25  27  29  31  34  36  38
2023-07-05 17:30:52,223:INFO:40  42  44  46  48  51  53  55  57  59  61  63  66  68  70  72  74  76
2023-07-05 17:30:52,223:INFO:78  80  83  85  87  89  91  93  95  97 101 103 105 107 109 111 113 115
2023-07-05 17:30:52,223:INFO:118 120 122 124 126 128 130 133 135 137 139 141 143 145 147 150 152 154
2023-07-05 17:30:52,223:INFO:156 158 160 162 165 167 169 171 173 175 177 179 182 184 186 188 190 192
2023-07-05 17:30:52,223:INFO:194 196 198]
2023-07-05 17:30:52,223:INFO:
2023-07-05 17:30:52,224:INFO:Indices corresponding to b-shell 3000.0
2023-07-05 17:30:52,224:INFO:[  3   5   7   9  11  13  15  18  20  22  24  26  28  30  32  35  37  39
2023-07-05 17:30:52,224:INFO:41  43  45  47  50  52  54  56  58  60  62  64  67  69  71  73  75  77
2023-07-05 17:30:52,224:INFO:79  82  84  86  88  90  92  94  96  98 102 104 106 108 110 112 114 117
2023-07-05 17:30:52,224:INFO:119 121 123 125 127 129 131 134 136 138 140 142 144 146 149 151 153 155
2023-07-05 17:30:52,224:INFO:157 159 161 163 166 168 170 172 174 176 178 181 183 185 187 189 191 193
2023-07-05 17:30:52,224:INFO:195 197]
2023-07-05 17:30:52,224:INFO:
2023-07-05 17:30:52,224:INFO:********************** type bvals: <class 'numpy.ndarray'>
2023-07-05 17:30:52,224:INFO:********************** type ref_bvals: <class 'numpy.ndarray'>
2023-07-05 17:30:52,224:INFO:********************** type bvals == ref_bvals: [ True  True  True]
2023-07-05 17:30:52,224:INFO:********************** imgPath: /home/ec2-user/DATA/deviceID67040/target/h0048_02_EdEp.nii.gz
2023-07-05 17:30:52,224:INFO:********************** bvals: [   0. 1500. 3000.]
2023-07-05 17:30:52,224:INFO:********************** ref_bvals: [   0. 1500. 3000.]
2023-07-05 17:30:52,224:INFO:b-shells matched for h0048_02_EdEp.nii.gz
2023-07-05 17:30:52,228:INFO:/home/ec2-user/DATA/deviceID67040/target/h0052_01_EdEp.bval/home/ec2-user/multi-shell-dMRIharmonization/lib/fileUtil.py:58: UserWarning: /home/ec2-user/DATA/deviceID67040/template_Device67040_3-July-2023/ exists, --force not specified, continuing with existing directory
2023-07-05 17:30:52,228:INFO:f"{path} exists, --force not specified, continuing with existing directory"
2023-07-05 17:30:52,228:INFO:
2023-07-05 17:30:52,228:INFO:b-shell bvalues [   0. 1500. 3000.]
2023-07-05 17:30:52,228:INFO:Indices corresponding to b-shell 0.0
2023-07-05 17:30:52,228:INFO:[  0   1  17  33  49  65  81  99 100 116 132 148 164 180]
2023-07-05 17:30:52,228:INFO:
2023-07-05 17:30:52,228:INFO:Indices corresponding to b-shell 1500.0
2023-07-05 17:30:52,228:INFO:[  2   4   6   8  10  12  14  16  19  21  23  25  27  29  31  34  36  38
2023-07-05 17:30:52,228:INFO:40  42  44  46  48  51  53  55  57  59  61  63  66  68  70  72  74  76
2023-07-05 17:30:52,228:INFO:78  80  83  85  87  89  91  93  95  97 101 103 105 107 109 111 113 115
2023-07-05 17:30:52,228:INFO:118 120 122 124 126 128 130 133 135 137 139 141 143 145 147 150 152 154
2023-07-05 17:30:52,228:INFO:156 158 160 162 165 167 169 171 173 175 177 179 182 184 186 188 190 192
2023-07-05 17:30:52,228:INFO:194 196 198]
2023-07-05 17:30:52,229:INFO:
2023-07-05 17:30:52,229:INFO:Indices corresponding to b-shell 3000.0
2023-07-05 17:30:52,229:INFO:[  3   5   7   9  11  13  15  18  20  22  24  26  28  30  32  35  37  39
2023-07-05 17:30:52,229:INFO:41  43  45  47  50  52  54  56  58  60  62  64  67  69  71  73  75  77
2023-07-05 17:30:52,229:INFO:79  82  84  86  88  90  92  94  96  98 102 104 106 108 110 112 114 117
2023-07-05 17:30:52,229:INFO:119 121 123 125 127 129 131 134 136 138 140 142 144 146 149 151 153 155
2023-07-05 17:30:52,229:INFO:157 159 161 163 166 168 170 172 174 176 178 181 183 185 187 189 191 193
2023-07-05 17:30:52,229:INFO:195 197]
2023-07-05 17:30:52,229:INFO:
2023-07-05 17:30:52,229:INFO:********************** type bvals: <class 'numpy.ndarray'>
2023-07-05 17:30:52,229:INFO:********************** type ref_bvals: <class 'numpy.ndarray'>
2023-07-05 17:30:52,229:INFO:********************** type bvals == ref_bvals: [ True  True  True]
2023-07-05 17:30:52,229:INFO:********************** imgPath: /home/ec2-user/DATA/deviceID67040/target/h0052_01_EdEp.nii.gz
2023-07-05 17:30:52,229:INFO:********************** bvals: [   0. 1500. 3000.]
2023-07-05 17:30:52,229:INFO:********************** ref_bvals: [   0. 1500. 3000.]
2023-07-05 17:30:52,229:INFO:b-shells matched for h0052_01_EdEp.nii.gz
2023-07-05 17:30:52,229:INFO:/home/ec2-user/DATA/deviceID67040/target/h0052_02_EdEp.bval
2023-07-05 17:30:52,229:INFO:b-shell bvalues [   0. 1500. 3000.]
2023-07-05 17:30:52,229:INFO:Indices corresponding to b-shell 0.0
2023-07-05 17:30:52,229:INFO:[  0   1  17  33  49  65  81  99 100 116 132 148 164 180]
2023-07-05 17:30:52,229:INFO:
2023-07-05 17:30:52,229:INFO:Indices corresponding to b-shell 1500.0
2023-07-05 17:30:52,230:INFO:[  2   4   6   8  10  12  14  16  19  21  23  25  27  29  31  34  36  38
2023-07-05 17:30:52,230:INFO:40  42  44  46  48  51  53  55  57  59  61  63  66  68  70  72  74  76
2023-07-05 17:30:52,230:INFO:78  80  83  85  87  89  91  93  95  97 101 103 105 107 109 111 113 115
2023-07-05 17:30:52,230:INFO:118 120 122 124 126 128 130 133 135 137 139 141 143 145 147 150 152 154
2023-07-05 17:30:52,230:INFO:156 158 160 162 165 167 169 171 173 175 177 179 182 184 186 188 190 192
2023-07-05 17:30:52,230:INFO:194 196 198]
2023-07-05 17:30:52,230:INFO:
2023-07-05 17:30:52,230:INFO:Indices corresponding to b-shell 3000.0
2023-07-05 17:30:52,230:INFO:[  3   5   7   9  11  13  15  18  20  22  24  26  28  30  32  35  37  39
2023-07-05 17:30:52,230:INFO:41  43  45  47  50  52  54  56  58  60  62  64  67  69  71  73  75  77
2023-07-05 17:30:52,230:INFO:79  82  84  86  88  90  92  94  96  98 102 104 106 108 110 112 114 117
2023-07-05 17:30:52,230:INFO:119 121 123 125 127 129 131 134 136 138 140 142 144 146 149 151 153 155
2023-07-05 17:30:52,230:INFO:157 159 161 163 166 168 170 172 174 176 178 181 183 185 187 189 191 193
2023-07-05 17:30:52,230:INFO:195 197]
2023-07-05 17:30:52,230:INFO:
2023-07-05 17:30:52,230:INFO:********************** type bvals: <class 'numpy.ndarray'>
2023-07-05 17:30:52,230:INFO:********************** type ref_bvals: <class 'numpy.ndarray'>
2023-07-05 17:30:52,230:INFO:********************** type bvals == ref_bvals: [ True  True  True]
2023-07-05 17:30:52,230:INFO:********************** imgPath: /home/ec2-user/DATA/deviceID67040/target/h0052_02_EdEp.nii.gz
2023-07-05 17:30:52,230:INFO:********************** bvals: [   0. 1500. 3000.]
2023-07-05 17:30:52,230:INFO:********************** ref_bvals: [   0. 1500. 3000.]
2023-07-05 17:30:52,230:INFO:b-shells matched for h0052_02_EdEp.nii.gz
2023-07-05 17:30:52,230:INFO:/home/ec2-user/DATA/deviceID67040/target/h0005_01_EdEp_b0.bval
2023-07-05 17:30:52,246:INFO:Traceback (most recent call last):
2023-07-05 17:30:52,246:INFO:File "/home/ec2-user/multi-shell-dMRIharmonization/lib/multi_shell_harmonization.py", line 277, in <module>
2023-07-05 17:30:52,246:INFO:multi_shell_pipeline.run()
2023-07-05 17:30:52,246:INFO:File "/home/ec2-user/anaconda3/envs/cnn_gpu/lib/python3.6/site-packages/plumbum/cli/application.py", line 609, in run
2023-07-05 17:30:52,246:INFO:retcode = inst.main(*tailargs)
2023-07-05 17:30:52,246:INFO:File "/home/ec2-user/multi-shell-dMRIharmonization/lib/multi_shell_harmonization.py", line 154, in main
2023-07-05 17:30:52,246:INFO:consistencyCheck(self.target_csv, ref_bvals_file, ref_res_file)
2023-07-05 17:30:52,246:INFO:File "/home/ec2-user/multi-shell-dMRIharmonization/lib/consistencyCheck.py", line 141, in consistencyCheck
2023-07-05 17:30:52,246:INFO:check_bshells(ref_imgs, ref_bvals)
2023-07-05 17:30:52,246:INFO:File "/home/ec2-user/multi-shell-dMRIharmonization/lib/consistencyCheck.py", line 36, in check_bshells
2023-07-05 17:30:52,246:INFO:bvals = findBShells(inPrefix + ".bval")
2023-07-05 17:30:52,246:INFO:File "/home/ec2-user/multi-shell-dMRIharmonization/lib/findBshells.py", line 35, in findBShells
2023-07-05 17:30:52,246:INFO:given_bvals = read_bvals(abspath(bvalFile))
2023-07-05 17:30:52,246:INFO:File "/home/ec2-user/anaconda3/envs/cnn_gpu/lib/python3.6/site-packages/conversion/bval_bvec_io.py", line 29, in read_bvals
2023-07-05 17:30:52,246:INFO:with open(bval_file, 'r') as f:
2023-07-05 17:30:52,246:INFO:FileNotFoundError: [Errno 2] No such file or directory: '/home/ec2-user/DATA/deviceID67040/target/h0005_01_EdEp_b0.bval'
